{
  message: '\x1B[35m[41e495af-9fc7-4da1-97f9-5c3ffe50dfb4] GET / from ::ffff:127.0.0.1\x1B[39m',
  level: '\x1B[35mhttp\x1B[39m',
  timestamp: '2025-11-02 03:20:06'
}
{
  message: '\x1B[31m[41e495af-9fc7-4da1-97f9-5c3ffe50dfb4] GET / →ERROR (404) [9] \x1B[39m',
  level: '\x1B[31merror\x1B[39m',
  timestamp: '2025-11-02 03:20:06'
}
2025-11-02 03:22:10 , [35mhttp[39m , [35m[1449d6d4-4a93-4317-8e8d-c2ff4bf88e89] GET / from ::ffff:127.0.0.1[39m
2025-11-02 03:22:10 , [31merror[39m , [31m[1449d6d4-4a93-4317-8e8d-c2ff4bf88e89] GET / →ERROR (404) [9] [39m
2025-11-02 03:48:47 , [31merror[39m , [31mMongoDB Connection Error: bad auth : authentication failed[39m
2025-11-02 03:48:56 , [31merror[39m , [31mMongoDB Connection Error: bad auth : authentication failed[39m
2025-11-02 03:55:50 , [31merror[39m , [31mMongoDB Connection Error: bad auth : authentication failed[39m
2025-11-02 03:56:23 , [32minfo[39m , [32mMongoDB Connected: ac-k8rtfkd-shard-00-02.e20l7ns.mongodb.net[39m
2025-11-02 03:57:33 , [32minfo[39m , [32mServer is running on port 5000[39m
2025-11-02 03:57:34 , [32minfo[39m , [32mMongoDB Connected: ac-k8rtfkd-shard-00-00.e20l7ns.mongodb.net[39m
2025-11-02 03:58:25 , [32minfo[39m , [32mServer is running on port 5000[39m
2025-11-02 03:58:25 , [32minfo[39m , [32mMongoDB Connected: ac-k8rtfkd-shard-00-01.e20l7ns.mongodb.net[39m
2025-11-02 03:59:16 , [32minfo[39m , [32mServer is running on port 5000[39m
2025-11-02 03:59:17 , [32minfo[39m , [32mMongoDB Connected: ac-k8rtfkd-shard-00-02.e20l7ns.mongodb.net[39m
2025-11-02 04:1:21 , [32minfo[39m , [32mServer is running on port 5000[39m
2025-11-02 04:1:22 , [32minfo[39m , [32mMongoDB Connected: ac-k8rtfkd-shard-00-00.e20l7ns.mongodb.net[39m
2025-11-03 05:54:43 , [32minfo[39m , [32mServer is running on port 5000[39m
2025-11-03 05:54:50 , [32minfo[39m , [32mServer is running on port 5000[39m
2025-11-03 05:55:20 , [31merror[39m , [31mMongoDB Connection Error: Could not connect to any servers in your MongoDB Atlas cluster. One common reason is that you're trying to access the database from an IP that isn't whitelisted. Make sure your current IP address is on your Atlas cluster's IP whitelist: https://www.mongodb.com/docs/atlas/security-whitelist/[39m
2025-11-03 05:56:17 , [32minfo[39m , [32mServer is running on port 5000[39m
2025-11-03 05:56:23 , [32minfo[39m , [32mServer is running on port 5000[39m
2025-11-03 05:56:53 , [31merror[39m , [31mMongoDB Connection Error: Could not connect to any servers in your MongoDB Atlas cluster. One common reason is that you're trying to access the database from an IP that isn't whitelisted. Make sure your current IP address is on your Atlas cluster's IP whitelist: https://www.mongodb.com/docs/atlas/security-whitelist/[39m
2025-11-03 05:57:43 , [32minfo[39m , [32mServer is running on port 5000[39m
2025-11-03 05:57:50 , [32minfo[39m , [32mMongoDB Connected: ac-k8rtfkd-shard-00-00.e20l7ns.mongodb.net[39m
2025-11-03 06:1:23 , [32minfo[39m , [32mServer is running on port 5000[39m
2025-11-03 06:1:24 , [32minfo[39m , [32mMongoDB Connected: ac-k8rtfkd-shard-00-01.e20l7ns.mongodb.net[39m
2025-11-03 06:2:58 , [32minfo[39m , [32mServer is running on port 5000[39m
2025-11-03 06:3:01 , [32minfo[39m , [32mMongoDB Connected: ac-k8rtfkd-shard-00-02.e20l7ns.mongodb.net[39m
2025-11-03 06:4:46 , [35mhttp[39m , [35m[3cc8d145-9b05-48d4-9793-78af6e8e86bb] POST /api/users/register from ::1[39m
2025-11-03 06:4:46 , [31merror[39m , [31m[3cc8d145-9b05-48d4-9793-78af6e8e86bb] POST /api/users/register →ERROR (404) [6] [39m
2025-11-03 06:5:12 , [32minfo[39m , [32mServer is running on port 5000[39m
2025-11-03 06:5:13 , [32minfo[39m , [32mMongoDB Connected: ac-k8rtfkd-shard-00-00.e20l7ns.mongodb.net[39m
2025-11-03 06:5:16 , [35mhttp[39m , [35m[7fdb1cd8-6338-4539-b777-77184e55405f] POST /api/users/register from ::1[39m
2025-11-03 06:5:16 , [31merror[39m , [31m7fdb1cd8-6338-4539-b777-77184e55405f `Model.findOne()` cannot run without a model as `this`. Make sure you are not calling `new Model.findOne()` , POST , /api/users/register[39m
[31mMongooseError: `Model.findOne()` cannot run without a model as `this`. Make sure you are not calling `new Model.findOne()`[39m
[31m    at _checkContext (D:\NodeJS Course\learn\E-commerce-Api\node_modules\mongoose\lib\model.js:1019:11)[39m
[31m    at new findOne (D:\NodeJS Course\learn\E-commerce-Api\node_modules\mongoose\lib\model.js:2160:3)[39m
[31m    at file:///D:/NodeJS%20Course/learn/E-commerce-Api/src/controllers/user.controller.js:13:24[39m
[31m    at file:///D:/NodeJS%20Course/learn/E-commerce-Api/src/middlewares/asyncWrapper.js:3:5[39m
[31m    at Layer.handleRequest (D:\NodeJS Course\learn\E-commerce-Api\node_modules\router\lib\layer.js:152:17)[39m
[31m    at next (D:\NodeJS Course\learn\E-commerce-Api\node_modules\router\lib\route.js:157:13)[39m
[31m    at Route.dispatch (D:\NodeJS Course\learn\E-commerce-Api\node_modules\router\lib\route.js:117:3)[39m
[31m    at handle (D:\NodeJS Course\learn\E-commerce-Api\node_modules\router\index.js:435:11)[39m
[31m    at Layer.handleRequest (D:\NodeJS Course\learn\E-commerce-Api\node_modules\router\lib\layer.js:152:17)[39m
[31m    at D:\NodeJS Course\learn\E-commerce-Api\node_modules\router\index.js:295:15[39m
2025-11-03 06:5:16 , [31merror[39m , [31m[7fdb1cd8-6338-4539-b777-77184e55405f] POST /api/users/register →ERROR (500) [8] [39m
2025-11-03 06:6:11 , [32minfo[39m , [32mServer is running on port 5000[39m
2025-11-03 06:6:12 , [32minfo[39m , [32mMongoDB Connected: ac-k8rtfkd-shard-00-01.e20l7ns.mongodb.net[39m
2025-11-03 06:6:30 , [32minfo[39m , [32mServer is running on port 5000[39m
2025-11-03 06:6:31 , [32minfo[39m , [32mMongoDB Connected: ac-k8rtfkd-shard-00-02.e20l7ns.mongodb.net[39m
2025-11-03 06:6:33 , [35mhttp[39m , [35m[f049ef3c-59bf-4d0a-9a67-7d17f735ca23] POST /api/users/register from ::1[39m
2025-11-03 06:6:33 , [31merror[39m , [31mf049ef3c-59bf-4d0a-9a67-7d17f735ca23 email is already registered , POST , /api/users/register[39m
[31mError: email is already registered[39m
[31m    at file:///D:/NodeJS%20Course/learn/E-commerce-Api/src/controllers/user.controller.js:14:33[39m
[31m    at file:///D:/NodeJS%20Course/learn/E-commerce-Api/src/middlewares/asyncWrapper.js:3:5[39m
[31m    at Layer.handleRequest (D:\NodeJS Course\learn\E-commerce-Api\node_modules\router\lib\layer.js:152:17)[39m
[31m    at next (D:\NodeJS Course\learn\E-commerce-Api\node_modules\router\lib\route.js:157:13)[39m
[31m    at Route.dispatch (D:\NodeJS Course\learn\E-commerce-Api\node_modules\router\lib\route.js:117:3)[39m
[31m    at handle (D:\NodeJS Course\learn\E-commerce-Api\node_modules\router\index.js:435:11)[39m
[31m    at Layer.handleRequest (D:\NodeJS Course\learn\E-commerce-Api\node_modules\router\lib\layer.js:152:17)[39m
[31m    at D:\NodeJS Course\learn\E-commerce-Api\node_modules\router\index.js:295:15[39m
[31m    at processParams (D:\NodeJS Course\learn\E-commerce-Api\node_modules\router\index.js:582:12)[39m
[31m    at next (D:\NodeJS Course\learn\E-commerce-Api\node_modules\router\index.js:291:5)[39m
2025-11-03 06:6:33 , [31merror[39m , [31m[f049ef3c-59bf-4d0a-9a67-7d17f735ca23] POST /api/users/register →ERROR (500) [8] [39m
2025-11-03 06:7:07 , [35mhttp[39m , [35m[bcec9f5a-5e89-45dc-8bfb-974852b175dc] POST /api/users/register from ::1[39m
2025-11-03 06:7:07 , [31merror[39m , [31mbcec9f5a-5e89-45dc-8bfb-974852b175dc email is already registered , POST , /api/users/register[39m
[31mError: email is already registered[39m
[31m    at file:///D:/NodeJS%20Course/learn/E-commerce-Api/src/controllers/user.controller.js:14:33[39m
[31m    at file:///D:/NodeJS%20Course/learn/E-commerce-Api/src/middlewares/asyncWrapper.js:3:5[39m
[31m    at Layer.handleRequest (D:\NodeJS Course\learn\E-commerce-Api\node_modules\router\lib\layer.js:152:17)[39m
[31m    at next (D:\NodeJS Course\learn\E-commerce-Api\node_modules\router\lib\route.js:157:13)[39m
[31m    at Route.dispatch (D:\NodeJS Course\learn\E-commerce-Api\node_modules\router\lib\route.js:117:3)[39m
[31m    at handle (D:\NodeJS Course\learn\E-commerce-Api\node_modules\router\index.js:435:11)[39m
[31m    at Layer.handleRequest (D:\NodeJS Course\learn\E-commerce-Api\node_modules\router\lib\layer.js:152:17)[39m
[31m    at D:\NodeJS Course\learn\E-commerce-Api\node_modules\router\index.js:295:15[39m
[31m    at processParams (D:\NodeJS Course\learn\E-commerce-Api\node_modules\router\index.js:582:12)[39m
[31m    at next (D:\NodeJS Course\learn\E-commerce-Api\node_modules\router\index.js:291:5)[39m
2025-11-03 06:7:07 , [31merror[39m , [31m[bcec9f5a-5e89-45dc-8bfb-974852b175dc] POST /api/users/register →ERROR (500) [3] [39m
2025-11-03 06:7:14 , [35mhttp[39m , [35m[2a6a2e61-c410-44c9-b8a8-86bec1181f00] POST /api/users/register from ::1[39m
2025-11-03 06:7:14 , [31merror[39m , [31m2a6a2e61-c410-44c9-b8a8-86bec1181f00 email is already registered , POST , /api/users/register[39m
[31mError: email is already registered[39m
[31m    at file:///D:/NodeJS%20Course/learn/E-commerce-Api/src/controllers/user.controller.js:14:33[39m
[31m    at file:///D:/NodeJS%20Course/learn/E-commerce-Api/src/middlewares/asyncWrapper.js:3:5[39m
[31m    at Layer.handleRequest (D:\NodeJS Course\learn\E-commerce-Api\node_modules\router\lib\layer.js:152:17)[39m
[31m    at next (D:\NodeJS Course\learn\E-commerce-Api\node_modules\router\lib\route.js:157:13)[39m
[31m    at Route.dispatch (D:\NodeJS Course\learn\E-commerce-Api\node_modules\router\lib\route.js:117:3)[39m
[31m    at handle (D:\NodeJS Course\learn\E-commerce-Api\node_modules\router\index.js:435:11)[39m
[31m    at Layer.handleRequest (D:\NodeJS Course\learn\E-commerce-Api\node_modules\router\lib\layer.js:152:17)[39m
[31m    at D:\NodeJS Course\learn\E-commerce-Api\node_modules\router\index.js:295:15[39m
[31m    at processParams (D:\NodeJS Course\learn\E-commerce-Api\node_modules\router\index.js:582:12)[39m
[31m    at next (D:\NodeJS Course\learn\E-commerce-Api\node_modules\router\index.js:291:5)[39m
2025-11-03 06:7:14 , [31merror[39m , [31m[2a6a2e61-c410-44c9-b8a8-86bec1181f00] POST /api/users/register →ERROR (500) [77] [39m
2025-11-03 06:8:59 , [32minfo[39m , [32mServer is running on port 5000[39m
2025-11-03 06:9:01 , [32minfo[39m , [32mMongoDB Connected: ac-k8rtfkd-shard-00-02.e20l7ns.mongodb.net[39m
2025-11-03 06:9:01 , [35mhttp[39m , [35m[e1e3a194-3545-4850-b3b8-eab155832faf] POST /api/users/register from ::1[39m
2025-11-03 06:9:02 , [35mhttp[39m , [35m[e1e3a194-3545-4850-b3b8-eab155832faf] POST /api/users/register →SUCCESS (201) [1154] [39m
2025-11-04 03:39:21 , [32minfo[39m , [32mServer is running on port 5000[39m
2025-11-04 03:39:22 , [32minfo[39m , [32mMongoDB Connected: ac-k8rtfkd-shard-00-02.e20l7ns.mongodb.net[39m
2025-11-04 03:42:54 , [32minfo[39m , [32mServer is running on port 5000[39m
2025-11-04 03:42:55 , [32minfo[39m , [32mMongoDB Connected: ac-k8rtfkd-shard-00-00.e20l7ns.mongodb.net[39m
2025-11-04 03:43:46 , [32minfo[39m , [32mServer is running on port 5000[39m
2025-11-04 03:43:47 , [32minfo[39m , [32mMongoDB Connected: ac-k8rtfkd-shard-00-01.e20l7ns.mongodb.net[39m
2025-11-04 03:45:36 , [32minfo[39m , [32mServer is running on port 5000[39m
2025-11-04 03:45:36 , [32minfo[39m , [32mMongoDB Connected: ac-k8rtfkd-shard-00-02.e20l7ns.mongodb.net[39m
2025-11-04 03:45:45 , [32minfo[39m , [32mServer is running on port 5000[39m
2025-11-04 03:45:46 , [32minfo[39m , [32mMongoDB Connected: ac-k8rtfkd-shard-00-00.e20l7ns.mongodb.net[39m
2025-11-04 03:46:31 , [32minfo[39m , [32mServer is running on port 5000[39m
2025-11-04 03:46:32 , [32minfo[39m , [32mMongoDB Connected: ac-k8rtfkd-shard-00-01.e20l7ns.mongodb.net[39m
2025-11-04 03:47:08 , [32minfo[39m , [32mServer is running on port 5000[39m
2025-11-04 03:47:09 , [32minfo[39m , [32mMongoDB Connected: ac-k8rtfkd-shard-00-02.e20l7ns.mongodb.net[39m
2025-11-04 03:48:11 , [32minfo[39m , [32mServer is running on port 5000[39m
2025-11-04 03:48:11 , [32minfo[39m , [32mMongoDB Connected: ac-k8rtfkd-shard-00-00.e20l7ns.mongodb.net[39m
2025-11-04 03:49:35 , [32minfo[39m , [32mServer is running on port 5000[39m
2025-11-04 03:49:36 , [32minfo[39m , [32mMongoDB Connected: ac-k8rtfkd-shard-00-01.e20l7ns.mongodb.net[39m
2025-11-04 03:50:00 , [32minfo[39m , [32mServer is running on port 5000[39m
2025-11-04 03:50:01 , [32minfo[39m , [32mMongoDB Connected: ac-k8rtfkd-shard-00-02.e20l7ns.mongodb.net[39m
2025-11-04 03:51:13 , [35mhttp[39m , [35m[00b62a81-087c-4ae9-9885-c0f51e9cc679] POST /api/users/login from ::1[39m
2025-11-04 03:51:13 , [31merror[39m , [31m00b62a81-087c-4ae9-9885-c0f51e9cc679 res.body is not a function , POST , /api/users/login[39m
[31mTypeError: res.body is not a function[39m
[31m    at file:///D:/NodeJS%20Course/learn/E-commerce-Api/src/modules/auth/controllers/auth.controller.js:49:9[39m
[31m    at process.processTicksAndRejections (node:internal/process/task_queues:103:5)[39m
2025-11-04 03:51:13 , [31merror[39m , [31m[00b62a81-087c-4ae9-9885-c0f51e9cc679] POST /api/users/login →ERROR (500) [154] [39m
2025-11-04 03:52:22 , [32minfo[39m , [32mServer is running on port 5000[39m
2025-11-04 03:52:25 , [32minfo[39m , [32mMongoDB Connected: ac-k8rtfkd-shard-00-00.e20l7ns.mongodb.net[39m
2025-11-04 03:52:40 , [32minfo[39m , [32mServer is running on port 5000[39m
2025-11-04 03:52:41 , [32minfo[39m , [32mMongoDB Connected: ac-k8rtfkd-shard-00-01.e20l7ns.mongodb.net[39m
2025-11-04 03:52:43 , [35mhttp[39m , [35m[6331c625-6a5f-444c-97f2-4c5248b2afc4] POST /api/users/login from ::1[39m
2025-11-04 03:52:43 , [35mhttp[39m , [35m[6331c625-6a5f-444c-97f2-4c5248b2afc4] POST /api/users/login →SUCCESS (200) [82] [39m
2025-11-04 03:57:43 , [32minfo[39m , [32mServer is running on port 5000[39m
2025-11-04 03:57:43 , [32minfo[39m , [32mMongoDB Connected: ac-k8rtfkd-shard-00-02.e20l7ns.mongodb.net[39m
2025-11-04 03:59:27 , [32minfo[39m , [32mServer is running on port 5000[39m
2025-11-04 03:59:28 , [32minfo[39m , [32mMongoDB Connected: ac-k8rtfkd-shard-00-00.e20l7ns.mongodb.net[39m
2025-11-04 04:0:39 , [32minfo[39m , [32mServer is running on port 5000[39m
2025-11-04 04:0:39 , [32minfo[39m , [32mMongoDB Connected: ac-k8rtfkd-shard-00-01.e20l7ns.mongodb.net[39m
2025-11-04 04:3:56 , [32minfo[39m , [32mServer is running on port 5000[39m
2025-11-04 04:3:57 , [32minfo[39m , [32mMongoDB Connected: ac-k8rtfkd-shard-00-02.e20l7ns.mongodb.net[39m
2025-11-04 04:4:26 , [32minfo[39m , [32mServer is running on port 5000[39m
2025-11-04 04:4:27 , [32minfo[39m , [32mMongoDB Connected: ac-k8rtfkd-shard-00-00.e20l7ns.mongodb.net[39m
2025-11-04 04:4:51 , [32minfo[39m , [32mServer is running on port 5000[39m
2025-11-04 04:4:52 , [32minfo[39m , [32mMongoDB Connected: ac-k8rtfkd-shard-00-01.e20l7ns.mongodb.net[39m
2025-11-04 04:5:53 , [32minfo[39m , [32mServer is running on port 5000[39m
2025-11-04 04:5:54 , [32minfo[39m , [32mMongoDB Connected: ac-k8rtfkd-shard-00-02.e20l7ns.mongodb.net[39m
2025-11-04 04:6:28 , [32minfo[39m , [32mServer is running on port 5000[39m
2025-11-04 04:6:29 , [32minfo[39m , [32mMongoDB Connected: ac-k8rtfkd-shard-00-00.e20l7ns.mongodb.net[39m
2025-11-04 04:10:44 , [32minfo[39m , [32mServer is running on port 5000[39m
2025-11-04 04:10:44 , [32minfo[39m , [32mMongoDB Connected: ac-k8rtfkd-shard-00-01.e20l7ns.mongodb.net[39m
2025-11-04 04:13:24 , [32minfo[39m , [32mServer is running on port 5000[39m
2025-11-04 04:13:24 , [32minfo[39m , [32mMongoDB Connected: ac-k8rtfkd-shard-00-02.e20l7ns.mongodb.net[39m
2025-11-04 04:15:14 , [32minfo[39m , [32mServer is running on port 5000[39m
2025-11-04 04:15:15 , [32minfo[39m , [32mMongoDB Connected: ac-k8rtfkd-shard-00-00.e20l7ns.mongodb.net[39m
2025-11-04 04:16:43 , [32minfo[39m , [32mServer is running on port 5000[39m
2025-11-04 04:16:43 , [32minfo[39m , [32mMongoDB Connected: ac-k8rtfkd-shard-00-01.e20l7ns.mongodb.net[39m
2025-11-04 04:17:39 , [35mhttp[39m , [35m[4ca4f5e4-d79c-4d7a-8042-e61b7263371a] POST /api/users/login from ::1[39m
2025-11-04 04:17:39 , [35mhttp[39m , [35m[4ca4f5e4-d79c-4d7a-8042-e61b7263371a] POST /api/users/login →SUCCESS (200) [117] [39m
2025-11-04 04:27:50 , [32minfo[39m , [32mServer is running on port 5000[39m
2025-11-04 04:27:51 , [32minfo[39m , [32mMongoDB Connected: ac-k8rtfkd-shard-00-01.e20l7ns.mongodb.net[39m
2025-11-04 04:28:07 , [32minfo[39m , [32mServer is running on port 5000[39m
2025-11-04 04:28:08 , [32minfo[39m , [32mMongoDB Connected: ac-k8rtfkd-shard-00-02.e20l7ns.mongodb.net[39m
2025-11-04 04:28:16 , [32minfo[39m , [32mServer is running on port 5000[39m
2025-11-04 04:28:17 , [32minfo[39m , [32mMongoDB Connected: ac-k8rtfkd-shard-00-00.e20l7ns.mongodb.net[39m
2025-11-05 02:39:17 , [32minfo[39m , [32mServer is running on port 5000[39m
2025-11-05 02:39:20 , [32minfo[39m , [32mMongoDB Connected: ac-k8rtfkd-shard-00-00.e20l7ns.mongodb.net[39m
2025-11-05 02:39:39 , [35mhttp[39m , [35m[189f6092-5300-4f27-92b7-0c1f1d89e029] POST /api/users/forgotPassword from ::1[39m
2025-11-05 02:39:39 , [31merror[39m , [31m189f6092-5300-4f27-92b7-0c1f1d89e029 Invalid Email , POST , /api/users/forgotPassword[39m
[31mError: Invalid Email[39m
[31m    at file:///D:/NodeJS%20Course/learn/E-commerce-Api/src/modules/auth/controllers/auth.controller.js:67:17[39m
[31m    at process.processTicksAndRejections (node:internal/process/task_queues:103:5)[39m
2025-11-05 02:39:39 , [31merror[39m , [31m[189f6092-5300-4f27-92b7-0c1f1d89e029] POST /api/users/forgotPassword →ERROR (400) [207] [39m
2025-11-05 02:40:07 , [35mhttp[39m , [35m[7907d023-6bb7-4af2-909f-c22fa5d61d46] POST /api/users/forgotPassword from ::1[39m
2025-11-05 02:40:07 , [31merror[39m , [31m7907d023-6bb7-4af2-909f-c22fa5d61d46 Invalid Email , POST , /api/users/forgotPassword[39m
[31mError: Invalid Email[39m
[31m    at file:///D:/NodeJS%20Course/learn/E-commerce-Api/src/modules/auth/controllers/auth.controller.js:67:17[39m
[31m    at process.processTicksAndRejections (node:internal/process/task_queues:103:5)[39m
2025-11-05 02:40:07 , [31merror[39m , [31m[7907d023-6bb7-4af2-909f-c22fa5d61d46] POST /api/users/forgotPassword →ERROR (400) [247] [39m
2025-11-05 02:40:15 , [35mhttp[39m , [35m[b45ec38a-dc50-4f81-b8ae-e6ee8ee67014] POST /api/users/forgotPassword from ::1[39m
2025-11-05 02:41:51 , [32minfo[39m , [32mServer is running on port 5000[39m
2025-11-05 02:41:52 , [32minfo[39m , [32mMongoDB Connected: ac-k8rtfkd-shard-00-00.e20l7ns.mongodb.net[39m
2025-11-05 02:41:56 , [35mhttp[39m , [35m[33d33ad4-8361-4ad9-9aaf-9176859f0a9d] POST /api/users/forgotPassword from ::1[39m
2025-11-05 02:41:56 , [31merror[39m , [31m33d33ad4-8361-4ad9-9aaf-9176859f0a9d User validation failed: passwordResetCode: Cast to string failed for value "Promise { <pending> }" (type Promise) at path "passwordResetCode" , POST , /api/users/forgotPassword[39m
[31mValidationError: User validation failed: passwordResetCode: Cast to string failed for value "Promise { <pending> }" (type Promise) at path "passwordResetCode"[39m
[31m    at Document.invalidate (D:\NodeJS Course\learn\E-commerce-Api\node_modules\mongoose\lib\document.js:3362:32)[39m
[31m    at model.$set (D:\NodeJS Course\learn\E-commerce-Api\node_modules\mongoose\lib\document.js:1484:12)[39m
[31m    at model.set [as passwordResetCode] (D:\NodeJS Course\learn\E-commerce-Api\node_modules\mongoose\lib\helpers\document\compile.js:205:19)[39m
[31m    at file:///D:/NodeJS%20Course/learn/E-commerce-Api/src/modules/auth/controllers/auth.controller.js:72:26[39m
[31m    at process.processTicksAndRejections (node:internal/process/task_queues:103:5)[39m
2025-11-05 02:41:56 , [31merror[39m , [31m[33d33ad4-8361-4ad9-9aaf-9176859f0a9d] POST /api/users/forgotPassword →ERROR (500) [88] [39m
2025-11-05 02:42:22 , [32minfo[39m , [32mServer is running on port 5000[39m
2025-11-05 02:42:23 , [32minfo[39m , [32mMongoDB Connected: ac-k8rtfkd-shard-00-01.e20l7ns.mongodb.net[39m
2025-11-05 02:42:25 , [35mhttp[39m , [35m[3a92dfe8-1776-4c88-b37b-5b18af52b0ae] POST /api/users/forgotPassword from ::1[39m
2025-11-05 02:42:25 , [31merror[39m , [31m3a92dfe8-1776-4c88-b37b-5b18af52b0ae next is not defined , POST , /api/users/forgotPassword[39m
[31mReferenceError: next is not defined[39m
[31m    at model.<anonymous> (file:///D:/NodeJS%20Course/learn/E-commerce-Api/src/modules/auth/models/user.model.js:49:37)[39m
[31m    at model.next (D:\NodeJS Course\learn\E-commerce-Api\node_modules\kareem\index.js:97:35)[39m
[31m    at _next (D:\NodeJS Course\learn\E-commerce-Api\node_modules\kareem\index.js:146:10)[39m
[31m    at D:\NodeJS Course\learn\E-commerce-Api\node_modules\kareem\index.js:653:30[39m
[31m    at process.processTicksAndRejections (node:internal/process/task_queues:84:11)[39m
2025-11-05 02:42:25 , [31merror[39m , [31m[3a92dfe8-1776-4c88-b37b-5b18af52b0ae] POST /api/users/forgotPassword →ERROR (500) [160] [39m
2025-11-05 02:43:43 , [32minfo[39m , [32mServer is running on port 5000[39m
2025-11-05 02:43:44 , [32minfo[39m , [32mMongoDB Connected: ac-k8rtfkd-shard-00-02.e20l7ns.mongodb.net[39m
2025-11-05 02:43:45 , [35mhttp[39m , [35m[046ec16f-d68e-4cd2-8252-6644777ac2cb] POST /api/users/forgotPassword from ::1[39m
2025-11-05 02:44:01 , [35mhttp[39m , [35m[046ec16f-d68e-4cd2-8252-6644777ac2cb] POST /api/users/forgotPassword →SUCCESS (200) [16241] [39m
2025-11-05 03:29:27 , [32minfo[39m , [32mServer is running on port 5000[39m
2025-11-05 03:29:28 , [32minfo[39m , [32mMongoDB Connected: ac-k8rtfkd-shard-00-01.e20l7ns.mongodb.net[39m
2025-11-05 03:29:41 , [32minfo[39m , [32mServer is running on port 5000[39m
2025-11-05 03:29:42 , [32minfo[39m , [32mMongoDB Connected: ac-k8rtfkd-shard-00-02.e20l7ns.mongodb.net[39m
2025-11-05 03:30:12 , [32minfo[39m , [32mServer is running on port 5000[39m
2025-11-05 03:30:13 , [32minfo[39m , [32mMongoDB Connected: ac-k8rtfkd-shard-00-00.e20l7ns.mongodb.net[39m
2025-11-05 03:31:01 , [32minfo[39m , [32mServer is running on port 5000[39m
2025-11-05 03:31:02 , [32minfo[39m , [32mMongoDB Connected: ac-k8rtfkd-shard-00-01.e20l7ns.mongodb.net[39m
2025-11-05 03:33:12 , [32minfo[39m , [32mServer is running on port 5000[39m
2025-11-05 03:33:12 , [32minfo[39m , [32mMongoDB Connected: ac-k8rtfkd-shard-00-02.e20l7ns.mongodb.net[39m
2025-11-05 03:34:21 , [32minfo[39m , [32mServer is running on port 5000[39m
2025-11-05 03:34:22 , [32minfo[39m , [32mMongoDB Connected: ac-k8rtfkd-shard-00-00.e20l7ns.mongodb.net[39m
2025-11-05 03:34:55 , [32minfo[39m , [32mServer is running on port 5000[39m
2025-11-05 03:34:56 , [32minfo[39m , [32mMongoDB Connected: ac-k8rtfkd-shard-00-01.e20l7ns.mongodb.net[39m
2025-11-05 03:35:21 , [32minfo[39m , [32mServer is running on port 5000[39m
2025-11-05 03:35:22 , [32minfo[39m , [32mMongoDB Connected: ac-k8rtfkd-shard-00-02.e20l7ns.mongodb.net[39m
2025-11-05 03:35:39 , [32minfo[39m , [32mServer is running on port 5000[39m
2025-11-05 03:35:40 , [32minfo[39m , [32mMongoDB Connected: ac-k8rtfkd-shard-00-00.e20l7ns.mongodb.net[39m
2025-11-05 03:44:39 , [32minfo[39m , [32mServer is running on port 5000[39m
2025-11-05 03:44:41 , [32minfo[39m , [32mMongoDB Connected: ac-k8rtfkd-shard-00-00.e20l7ns.mongodb.net[39m
2025-11-05 03:45:08 , [35mhttp[39m , [35m[907a5bfe-fc50-4cff-9e2f-e0d54cc9f28a] POST /api/users/login from ::1[39m
2025-11-05 03:45:08 , [35mhttp[39m , [35m[907a5bfe-fc50-4cff-9e2f-e0d54cc9f28a] POST /api/users/login →SUCCESS (200) [155] [39m
2025-11-05 03:45:17 , [35mhttp[39m , [35m[ac3bb01f-042f-4747-a3fe-702d6d0d6c41] POST /api/users/login from ::1[39m
2025-11-05 03:45:17 , [35mhttp[39m , [35m[ac3bb01f-042f-4747-a3fe-702d6d0d6c41] POST /api/users/login →SUCCESS (200) [135] [39m
2025-11-05 03:45:47 , [32minfo[39m , [32mServer is running on port 5000[39m
2025-11-05 03:45:49 , [32minfo[39m , [32mMongoDB Connected: ac-k8rtfkd-shard-00-01.e20l7ns.mongodb.net[39m
2025-11-05 03:45:51 , [35mhttp[39m , [35m[cdc0b225-9f66-4c41-9aa7-423972e5d583] POST /api/users/login from ::1[39m
2025-11-05 03:45:51 , [31merror[39m , [31m[cdc0b225-9f66-4c41-9aa7-423972e5d583] POST /api/users/login →ERROR (400) [217] [39m
2025-11-05 03:45:57 , [35mhttp[39m , [35m[1c2dfe85-9550-46c9-9a5e-eb81027f3076] POST /api/users/login from ::1[39m
2025-11-05 03:45:57 , [35mhttp[39m , [35m[1c2dfe85-9550-46c9-9a5e-eb81027f3076] POST /api/users/login →SUCCESS (200) [217] [39m
2025-11-05 03:46:00 , [35mhttp[39m , [35m[b903a1b1-de11-4258-80e0-1bf26eee64f6] POST /api/users/login from ::1[39m
2025-11-05 03:46:00 , [31merror[39m , [31m[b903a1b1-de11-4258-80e0-1bf26eee64f6] POST /api/users/login →ERROR (400) [209] [39m
2025-11-05 03:46:08 , [35mhttp[39m , [35m[8cf6eec9-315c-4055-8896-43ebaf995f29] POST /api/users/forgotPassword from ::1[39m
2025-11-05 03:46:09 , [31merror[39m , [31m8cf6eec9-315c-4055-8896-43ebaf995f29 Invalid Email , POST , /api/users/forgotPassword[39m
[31mError: Invalid Email[39m
[31m    at file:///D:/NodeJS%20Course/learn/E-commerce-Api/src/modules/auth/controllers/auth.controller.js:68:17[39m
[31m    at process.processTicksAndRejections (node:internal/process/task_queues:103:5)[39m
2025-11-05 03:46:09 , [31merror[39m , [31m[8cf6eec9-315c-4055-8896-43ebaf995f29] POST /api/users/forgotPassword →ERROR (400) [142] [39m
2025-11-05 03:46:12 , [35mhttp[39m , [35m[373e3e53-b71a-4481-a1e8-1095c50f86e5] POST /api/users/forgotPassword from ::1[39m
2025-11-05 03:46:13 , [31merror[39m , [31m373e3e53-b71a-4481-a1e8-1095c50f86e5 Invalid login: 535-5.7.8 Username and Password not accepted. For more information, go to[39m
[31m535 5.7.8  https://support.google.com/mail/?p=BadCredentials 5b1f17b1804b1-4775ce20ff3sm47193515e9.10 - gsmtp , POST , /api/users/forgotPassword[39m
[31mError: Invalid login: 535-5.7.8 Username and Password not accepted. For more information, go to[39m
[31m535 5.7.8  https://support.google.com/mail/?p=BadCredentials 5b1f17b1804b1-4775ce20ff3sm47193515e9.10 - gsmtp[39m
[31m    at SMTPConnection._formatError (D:\NodeJS Course\learn\E-commerce-Api\node_modules\nodemailer\lib\smtp-connection\index.js:809:19)[39m
[31m    at SMTPConnection._actionAUTHComplete (D:\NodeJS Course\learn\E-commerce-Api\node_modules\nodemailer\lib\smtp-connection\index.js:1595:34)[39m
[31m    at SMTPConnection.<anonymous> (D:\NodeJS Course\learn\E-commerce-Api\node_modules\nodemailer\lib\smtp-connection\index.js:556:26)[39m
[31m    at SMTPConnection._processResponse (D:\NodeJS Course\learn\E-commerce-Api\node_modules\nodemailer\lib\smtp-connection\index.js:993:20)[39m
[31m    at SMTPConnection._onData (D:\NodeJS Course\learn\E-commerce-Api\node_modules\nodemailer\lib\smtp-connection\index.js:774:14)[39m
[31m    at SMTPConnection._onSocketData (D:\NodeJS Course\learn\E-commerce-Api\node_modules\nodemailer\lib\smtp-connection\index.js:195:44)[39m
[31m    at TLSSocket.emit (node:events:508:28)[39m
[31m    at addChunk (node:internal/streams/readable:559:12)[39m
[31m    at readableAddChunkPushByteMode (node:internal/streams/readable:510:3)[39m
[31m    at Readable.push (node:internal/streams/readable:390:5)[39m
2025-11-05 03:46:13 , [31merror[39m , [31m[373e3e53-b71a-4481-a1e8-1095c50f86e5] POST /api/users/forgotPassword →ERROR (500) [1078] [39m
2025-11-05 03:47:20 , [32minfo[39m , [32mServer is running on port 5000[39m
2025-11-05 03:47:22 , [32minfo[39m , [32mMongoDB Connected: ac-k8rtfkd-shard-00-02.e20l7ns.mongodb.net[39m
2025-11-05 03:48:40 , [32minfo[39m , [32mServer is running on port 5000[39m
2025-11-05 03:48:41 , [32minfo[39m , [32mMongoDB Connected: ac-k8rtfkd-shard-00-00.e20l7ns.mongodb.net[39m
2025-11-05 03:49:30 , [32minfo[39m , [32mServer is running on port 5000[39m
2025-11-05 03:49:31 , [32minfo[39m , [32mMongoDB Connected: ac-k8rtfkd-shard-00-01.e20l7ns.mongodb.net[39m
2025-11-05 03:49:36 , [32minfo[39m , [32mServer is running on port 5000[39m
2025-11-05 03:49:38 , [32minfo[39m , [32mMongoDB Connected: ac-k8rtfkd-shard-00-02.e20l7ns.mongodb.net[39m
2025-11-05 03:50:48 , [35mhttp[39m , [35m[69b76431-b3cb-49bc-beed-f123e06840e5] POST /api/users/forgotPassword from ::1[39m
2025-11-05 03:50:49 , [31merror[39m , [31m69b76431-b3cb-49bc-beed-f123e06840e5 Something is wrong , POST , /api/users/forgotPassword[39m
[31mError: Something is wrong[39m
[31m    at file:///D:/NodeJS%20Course/learn/E-commerce-Api/src/modules/auth/controllers/auth.controller.js:95:17[39m
[31m    at process.processTicksAndRejections (node:internal/process/task_queues:103:5)[39m
2025-11-05 03:50:49 , [31merror[39m , [31m[69b76431-b3cb-49bc-beed-f123e06840e5] POST /api/users/forgotPassword →ERROR (500) [999] [39m
2025-11-05 03:51:58 , [35mhttp[39m , [35m[7b9b3910-e842-42f1-a3d9-076accc34e19] POST /api/users/forgotPassword from ::1[39m
2025-11-05 03:51:59 , [31merror[39m , [31m7b9b3910-e842-42f1-a3d9-076accc34e19 Something is wrong , POST , /api/users/forgotPassword[39m
[31mError: Something is wrong[39m
[31m    at file:///D:/NodeJS%20Course/learn/E-commerce-Api/src/modules/auth/controllers/auth.controller.js:95:17[39m
[31m    at process.processTicksAndRejections (node:internal/process/task_queues:103:5)[39m
2025-11-05 03:51:59 , [31merror[39m , [31m[7b9b3910-e842-42f1-a3d9-076accc34e19] POST /api/users/forgotPassword →ERROR (500) [940] [39m
2025-11-05 03:53:23 , [32minfo[39m , [32mServer is running on port 5000[39m
2025-11-05 03:53:24 , [32minfo[39m , [32mMongoDB Connected: ac-k8rtfkd-shard-00-00.e20l7ns.mongodb.net[39m
2025-11-05 03:53:27 , [35mhttp[39m , [35m[cb08ab89-398b-4e23-a4df-ffb995a3af4d] POST /api/users/forgotPassword from ::1[39m
2025-11-05 03:53:28 , [31merror[39m , [31mcb08ab89-398b-4e23-a4df-ffb995a3af4d Something is wrong , POST , /api/users/forgotPassword[39m
[31mError: Something is wrong[39m
[31m    at file:///D:/NodeJS%20Course/learn/E-commerce-Api/src/modules/auth/controllers/auth.controller.js:95:17[39m
[31m    at process.processTicksAndRejections (node:internal/process/task_queues:103:5)[39m
2025-11-05 03:53:28 , [31merror[39m , [31m[cb08ab89-398b-4e23-a4df-ffb995a3af4d] POST /api/users/forgotPassword →ERROR (500) [1002] [39m
2025-11-05 03:54:08 , [32minfo[39m , [32mServer is running on port 5000[39m
2025-11-05 03:54:09 , [32minfo[39m , [32mMongoDB Connected: ac-k8rtfkd-shard-00-01.e20l7ns.mongodb.net[39m
2025-11-05 03:54:10 , [35mhttp[39m , [35m[d3d5fe97-3fd2-485d-bd13-3b5b166f4a1c] POST /api/users/forgotPassword from ::1[39m
2025-11-05 03:54:11 , [31merror[39m , [31md3d5fe97-3fd2-485d-bd13-3b5b166f4a1c Something is wrong , POST , /api/users/forgotPassword[39m
[31mError: Something is wrong[39m
[31m    at file:///D:/NodeJS%20Course/learn/E-commerce-Api/src/modules/auth/controllers/auth.controller.js:95:17[39m
[31m    at process.processTicksAndRejections (node:internal/process/task_queues:103:5)[39m
2025-11-05 03:54:11 , [31merror[39m , [31m[d3d5fe97-3fd2-485d-bd13-3b5b166f4a1c] POST /api/users/forgotPassword →ERROR (500) [1002] [39m
2025-11-05 03:54:13 , [35mhttp[39m , [35m[6632232c-ccd4-43f4-a40b-aed92b30a4f3] POST /api/users/forgotPassword from ::1[39m
2025-11-05 03:54:14 , [31merror[39m , [31m6632232c-ccd4-43f4-a40b-aed92b30a4f3 Something is wrong , POST , /api/users/forgotPassword[39m
[31mError: Something is wrong[39m
[31m    at file:///D:/NodeJS%20Course/learn/E-commerce-Api/src/modules/auth/controllers/auth.controller.js:95:17[39m
[31m    at process.processTicksAndRejections (node:internal/process/task_queues:103:5)[39m
2025-11-05 03:54:14 , [31merror[39m , [31m[6632232c-ccd4-43f4-a40b-aed92b30a4f3] POST /api/users/forgotPassword →ERROR (500) [915] [39m
2025-11-05 03:54:15 , [35mhttp[39m , [35m[9e2be7c7-8f74-41c4-b3de-a03f6de126d0] POST /api/users/forgotPassword from ::1[39m
2025-11-05 03:54:16 , [31merror[39m , [31m9e2be7c7-8f74-41c4-b3de-a03f6de126d0 Something is wrong , POST , /api/users/forgotPassword[39m
[31mError: Something is wrong[39m
[31m    at file:///D:/NodeJS%20Course/learn/E-commerce-Api/src/modules/auth/controllers/auth.controller.js:95:17[39m
[31m    at process.processTicksAndRejections (node:internal/process/task_queues:103:5)[39m
2025-11-05 03:54:16 , [31merror[39m , [31m[9e2be7c7-8f74-41c4-b3de-a03f6de126d0] POST /api/users/forgotPassword →ERROR (500) [912] [39m
2025-11-05 03:54:47 , [32minfo[39m , [32mServer is running on port 5000[39m
2025-11-05 03:54:48 , [32minfo[39m , [32mMongoDB Connected: ac-k8rtfkd-shard-00-02.e20l7ns.mongodb.net[39m
2025-11-05 03:55:05 , [32minfo[39m , [32mServer is running on port 5000[39m
2025-11-05 03:55:06 , [32minfo[39m , [32mMongoDB Connected: ac-k8rtfkd-shard-00-00.e20l7ns.mongodb.net[39m
2025-11-05 03:55:08 , [35mhttp[39m , [35m[ab004471-9be6-4bf0-9554-9540590bdf73] POST /api/users/forgotPassword from ::1[39m
2025-11-05 03:55:09 , [31merror[39m , [31mab004471-9be6-4bf0-9554-9540590bdf73 Invalid login: 534-5.7.9 Application-specific password required. For more information, go to[39m
[31m534 5.7.9  https://support.google.com/mail/?p=InvalidSecondFactor ffacd0b85a97d-429dc18efbesm11093809f8f.8 - gsmtp , POST , /api/users/forgotPassword[39m
[31mError: Invalid login: 534-5.7.9 Application-specific password required. For more information, go to[39m
[31m534 5.7.9  https://support.google.com/mail/?p=InvalidSecondFactor ffacd0b85a97d-429dc18efbesm11093809f8f.8 - gsmtp[39m
[31m    at SMTPConnection._formatError (D:\NodeJS Course\learn\E-commerce-Api\node_modules\nodemailer\lib\smtp-connection\index.js:809:19)[39m
[31m    at SMTPConnection._actionAUTHComplete (D:\NodeJS Course\learn\E-commerce-Api\node_modules\nodemailer\lib\smtp-connection\index.js:1595:34)[39m
[31m    at SMTPConnection.<anonymous> (D:\NodeJS Course\learn\E-commerce-Api\node_modules\nodemailer\lib\smtp-connection\index.js:556:26)[39m
[31m    at SMTPConnection._processResponse (D:\NodeJS Course\learn\E-commerce-Api\node_modules\nodemailer\lib\smtp-connection\index.js:993:20)[39m
[31m    at SMTPConnection._onData (D:\NodeJS Course\learn\E-commerce-Api\node_modules\nodemailer\lib\smtp-connection\index.js:774:14)[39m
[31m    at SMTPConnection._onSocketData (D:\NodeJS Course\learn\E-commerce-Api\node_modules\nodemailer\lib\smtp-connection\index.js:195:44)[39m
[31m    at TLSSocket.emit (node:events:508:28)[39m
[31m    at addChunk (node:internal/streams/readable:559:12)[39m
[31m    at readableAddChunkPushByteMode (node:internal/streams/readable:510:3)[39m
[31m    at Readable.push (node:internal/streams/readable:390:5)[39m
2025-11-05 03:55:09 , [31merror[39m , [31m[ab004471-9be6-4bf0-9554-9540590bdf73] POST /api/users/forgotPassword →ERROR (500) [950] [39m
2025-11-05 04:7:07 , [32minfo[39m , [32mServer is running on port 5000[39m
2025-11-05 04:7:10 , [35mhttp[39m , [35m[684f2605-33c3-4556-bfb8-2ee565268e5b] POST /api/users/forgotPassword from ::1[39m
2025-11-05 04:7:20 , [32minfo[39m , [32mMongoDB Connected: ac-k8rtfkd-shard-00-02.e20l7ns.mongodb.net[39m
2025-11-05 04:7:22 , [35mhttp[39m , [35m[684f2605-33c3-4556-bfb8-2ee565268e5b] POST /api/users/forgotPassword →SUCCESS (200) [11378] [39m
2025-11-05 04:7:44 , [32minfo[39m , [32mServer is running on port 5000[39m
2025-11-05 04:7:45 , [32minfo[39m , [32mMongoDB Connected: ac-k8rtfkd-shard-00-00.e20l7ns.mongodb.net[39m
2025-11-05 04:8:36 , [35mhttp[39m , [35m[b421b820-14a3-4a4e-b6a2-e89b71b5fd9b] POST /api/users/register from ::1[39m
2025-11-05 04:8:37 , [35mhttp[39m , [35m[b421b820-14a3-4a4e-b6a2-e89b71b5fd9b] POST /api/users/register →SUCCESS (201) [429] [39m
2025-11-05 04:9:06 , [35mhttp[39m , [35m[5abe0c55-422b-43a6-ad77-089ff63d0a9c] POST /api/users/login from ::1[39m
2025-11-05 04:9:06 , [31merror[39m , [31m[5abe0c55-422b-43a6-ad77-089ff63d0a9c] POST /api/users/login →ERROR (400) [203] [39m
2025-11-05 04:9:37 , [35mhttp[39m , [35m[0280fc91-5633-4030-a916-7fa32d57aa86] POST /api/users/login from ::1[39m
2025-11-05 04:9:37 , [31merror[39m , [31m[0280fc91-5633-4030-a916-7fa32d57aa86] POST /api/users/login →ERROR (400) [457] [39m
2025-11-05 04:10:41 , [35mhttp[39m , [35m[0f9309aa-d4bb-41bc-8bd5-193210a6a5e1] POST /api/users/register from ::1[39m
2025-11-05 04:10:42 , [31merror[39m , [31m0f9309aa-d4bb-41bc-8bd5-193210a6a5e1 email is already registered , POST , /api/users/register[39m
[31mError: email is already registered[39m
[31m    at file:///D:/NodeJS%20Course/learn/E-commerce-Api/src/modules/auth/controllers/auth.controller.js:16:33[39m
[31m    at process.processTicksAndRejections (node:internal/process/task_queues:103:5)[39m
2025-11-05 04:10:42 , [31merror[39m , [31m[0f9309aa-d4bb-41bc-8bd5-193210a6a5e1] POST /api/users/register →ERROR (500) [139] [39m
2025-11-05 04:10:49 , [35mhttp[39m , [35m[e76068dd-fe83-44d7-8d66-79e22a81ef95] POST /api/users/login from ::1[39m
2025-11-05 04:10:49 , [31merror[39m , [31m[e76068dd-fe83-44d7-8d66-79e22a81ef95] POST /api/users/login →ERROR (400) [196] [39m
2025-11-05 04:10:50 , [35mhttp[39m , [35m[3cf4d95b-5898-4687-8ce9-b9c3cbc8adf0] POST /api/users/login from ::1[39m
2025-11-05 04:10:50 , [31merror[39m , [31m[3cf4d95b-5898-4687-8ce9-b9c3cbc8adf0] POST /api/users/login →ERROR (400) [196] [39m
2025-11-05 04:10:51 , [35mhttp[39m , [35m[bf2dd480-9883-4c47-b03f-cad47fc7bd1e] POST /api/users/login from ::1[39m
2025-11-05 04:10:51 , [31merror[39m , [31m[bf2dd480-9883-4c47-b03f-cad47fc7bd1e] POST /api/users/login →ERROR (400) [195] [39m
2025-11-05 04:12:16 , [32minfo[39m , [32mServer is running on port 5000[39m
2025-11-05 04:12:17 , [32minfo[39m , [32mMongoDB Connected: ac-k8rtfkd-shard-00-01.e20l7ns.mongodb.net[39m
2025-11-05 04:12:36 , [32minfo[39m , [32mServer is running on port 5000[39m
2025-11-05 04:12:38 , [32minfo[39m , [32mMongoDB Connected: ac-k8rtfkd-shard-00-02.e20l7ns.mongodb.net[39m
2025-11-05 04:12:40 , [35mhttp[39m , [35m[577575c8-dc8d-43a8-8ba2-b7ed1ba0c11d] POST /api/users/register from ::1[39m
2025-11-05 04:12:40 , [31merror[39m , [31m577575c8-dc8d-43a8-8ba2-b7ed1ba0c11d email is already registered , POST , /api/users/register[39m
[31mError: email is already registered[39m
[31m    at file:///D:/NodeJS%20Course/learn/E-commerce-Api/src/modules/auth/controllers/auth.controller.js:16:33[39m
[31m    at process.processTicksAndRejections (node:internal/process/task_queues:103:5)[39m
2025-11-05 04:12:40 , [31merror[39m , [31m[577575c8-dc8d-43a8-8ba2-b7ed1ba0c11d] POST /api/users/register →ERROR (500) [148] [39m
2025-11-05 04:12:43 , [35mhttp[39m , [35m[1a326fcf-cc0d-433d-b85b-2e31d49ce9a5] POST /api/users/login from ::1[39m
2025-11-05 04:12:43 , [31merror[39m , [31m[1a326fcf-cc0d-433d-b85b-2e31d49ce9a5] POST /api/users/login →ERROR (400) [209] [39m
2025-11-05 04:12:44 , [35mhttp[39m , [35m[c330c011-4df2-4a4f-b3e8-d3a105b3bc25] POST /api/users/login from ::1[39m
2025-11-05 04:12:45 , [31merror[39m , [31m[c330c011-4df2-4a4f-b3e8-d3a105b3bc25] POST /api/users/login →ERROR (400) [207] [39m
2025-11-05 04:12:46 , [35mhttp[39m , [35m[c6e54a1f-9dda-4220-b2a0-9c09e548e56c] POST /api/users/login from ::1[39m
2025-11-05 04:12:46 , [31merror[39m , [31m[c6e54a1f-9dda-4220-b2a0-9c09e548e56c] POST /api/users/login →ERROR (400) [205] [39m
2025-11-05 04:15:47 , [32minfo[39m , [32mServer is running on port 5000[39m
2025-11-05 04:15:48 , [32minfo[39m , [32mMongoDB Connected: ac-k8rtfkd-shard-00-00.e20l7ns.mongodb.net[39m
2025-11-05 04:15:58 , [35mhttp[39m , [35m[a0bcc804-769e-44ce-8702-86bf2b37faad] POST /api/users/login from ::1[39m
2025-11-05 04:15:58 , [31merror[39m , [31ma0bcc804-769e-44ce-8702-86bf2b37faad Invalid email or password , POST , /api/users/login[39m
[31mError: Invalid email or password[39m
[31m    at file:///D:/NodeJS%20Course/learn/E-commerce-Api/src/modules/auth/controllers/auth.controller.js:56:7[39m
2025-11-05 04:15:58 , [31merror[39m , [31m[a0bcc804-769e-44ce-8702-86bf2b37faad] POST /api/users/login →ERROR (400) [226] [39m
2025-11-05 04:19:40 , [32minfo[39m , [32mServer is running on port 5000[39m
2025-11-05 04:19:41 , [32minfo[39m , [32mMongoDB Connected: ac-k8rtfkd-shard-00-01.e20l7ns.mongodb.net[39m
2025-11-05 04:19:58 , [32minfo[39m , [32mServer is running on port 5000[39m
2025-11-05 04:19:59 , [32minfo[39m , [32mMongoDB Connected: ac-k8rtfkd-shard-00-02.e20l7ns.mongodb.net[39m
2025-11-05 04:20:37 , [32minfo[39m , [32mServer is running on port 5000[39m
2025-11-05 04:20:39 , [32minfo[39m , [32mMongoDB Connected: ac-k8rtfkd-shard-00-00.e20l7ns.mongodb.net[39m
2025-11-05 04:24:03 , [35mhttp[39m , [35m[5f11647b-3eab-4ce7-be7c-50051877c7c5] POST /api/users/register from ::1[39m
2025-11-05 04:24:03 , [35mhttp[39m , [35m[5f11647b-3eab-4ce7-be7c-50051877c7c5] POST /api/users/register →SUCCESS (201) [428] [39m
2025-11-05 04:24:35 , [35mhttp[39m , [35m[8952a03b-a5f7-40d4-ac63-5a75d6f738c2] POST /api/users/login from ::1[39m
2025-11-05 04:24:35 , [31merror[39m , [31m8952a03b-a5f7-40d4-ac63-5a75d6f738c2 Invalid email or password , POST , /api/users/login[39m
[31mError: Invalid email or password[39m
[31m    at file:///D:/NodeJS%20Course/learn/E-commerce-Api/src/modules/auth/controllers/auth.controller.js:48:7[39m
2025-11-05 04:24:35 , [31merror[39m , [31m[8952a03b-a5f7-40d4-ac63-5a75d6f738c2] POST /api/users/login →ERROR (400) [199] [39m
2025-11-05 04:24:36 , [35mhttp[39m , [35m[a885c587-ecb4-4993-b146-974b5e37bee1] POST /api/users/login from ::1[39m
2025-11-05 04:24:37 , [31merror[39m , [31ma885c587-ecb4-4993-b146-974b5e37bee1 Invalid email or password , POST , /api/users/login[39m
[31mError: Invalid email or password[39m
[31m    at file:///D:/NodeJS%20Course/learn/E-commerce-Api/src/modules/auth/controllers/auth.controller.js:48:7[39m
2025-11-05 04:24:37 , [31merror[39m , [31m[a885c587-ecb4-4993-b146-974b5e37bee1] POST /api/users/login →ERROR (400) [197] [39m
2025-11-05 04:24:38 , [35mhttp[39m , [35m[e4c0426d-f44c-4f4f-b1b8-a86254893b93] POST /api/users/login from ::1[39m
2025-11-05 04:24:38 , [31merror[39m , [31me4c0426d-f44c-4f4f-b1b8-a86254893b93 Invalid email or password , POST , /api/users/login[39m
[31mError: Invalid email or password[39m
[31m    at file:///D:/NodeJS%20Course/learn/E-commerce-Api/src/modules/auth/controllers/auth.controller.js:48:7[39m
2025-11-05 04:24:38 , [31merror[39m , [31m[e4c0426d-f44c-4f4f-b1b8-a86254893b93] POST /api/users/login →ERROR (400) [196] [39m
2025-11-05 04:24:39 , [35mhttp[39m , [35m[4fe28f1a-a26d-4e23-b188-ca6ab1fa74b3] POST /api/users/login from ::1[39m
2025-11-05 04:24:39 , [31merror[39m , [31m4fe28f1a-a26d-4e23-b188-ca6ab1fa74b3 Invalid email or password , POST , /api/users/login[39m
[31mError: Invalid email or password[39m
[31m    at file:///D:/NodeJS%20Course/learn/E-commerce-Api/src/modules/auth/controllers/auth.controller.js:48:7[39m
2025-11-05 04:24:39 , [31merror[39m , [31m[4fe28f1a-a26d-4e23-b188-ca6ab1fa74b3] POST /api/users/login →ERROR (400) [198] [39m
2025-11-05 04:24:40 , [35mhttp[39m , [35m[c556703b-a953-40aa-9298-6eb28c5b7d7f] POST /api/users/login from ::1[39m
2025-11-05 04:24:40 , [31merror[39m , [31mc556703b-a953-40aa-9298-6eb28c5b7d7f Invalid email or password , POST , /api/users/login[39m
[31mError: Invalid email or password[39m
[31m    at file:///D:/NodeJS%20Course/learn/E-commerce-Api/src/modules/auth/controllers/auth.controller.js:48:7[39m
2025-11-05 04:24:40 , [31merror[39m , [31m[c556703b-a953-40aa-9298-6eb28c5b7d7f] POST /api/users/login →ERROR (400) [195] [39m
2025-11-05 04:28:07 , [35mhttp[39m , [35m[a9a2f531-a39f-40ad-8643-0e7f242e68c4] POST /api/users/login from ::1[39m
2025-11-05 04:28:07 , [31merror[39m , [31ma9a2f531-a39f-40ad-8643-0e7f242e68c4 Invalid email or password , POST , /api/users/login[39m
[31mError: Invalid email or password[39m
[31m    at file:///D:/NodeJS%20Course/learn/E-commerce-Api/src/modules/auth/controllers/auth.controller.js:48:7[39m
2025-11-05 04:28:07 , [31merror[39m , [31m[a9a2f531-a39f-40ad-8643-0e7f242e68c4] POST /api/users/login →ERROR (400) [198] [39m
2025-11-05 04:28:08 , [35mhttp[39m , [35m[2ffcc54a-b62e-43ab-a66e-13c325f81178] POST /api/users/login from ::1[39m
2025-11-05 04:28:09 , [31merror[39m , [31m2ffcc54a-b62e-43ab-a66e-13c325f81178 Invalid email or password , POST , /api/users/login[39m
[31mError: Invalid email or password[39m
[31m    at file:///D:/NodeJS%20Course/learn/E-commerce-Api/src/modules/auth/controllers/auth.controller.js:48:7[39m
2025-11-05 04:28:09 , [31merror[39m , [31m[2ffcc54a-b62e-43ab-a66e-13c325f81178] POST /api/users/login →ERROR (400) [196] [39m
2025-11-05 04:30:05 , [35mhttp[39m , [35m[f6dd249f-2ed5-4c04-9058-ef2ab5363efe] POST /api/users/login from ::1[39m
2025-11-05 04:30:05 , [31merror[39m , [31mf6dd249f-2ed5-4c04-9058-ef2ab5363efe Invalid email or password , POST , /api/users/login[39m
[31mError: Invalid email or password[39m
[31m    at file:///D:/NodeJS%20Course/learn/E-commerce-Api/src/modules/auth/controllers/auth.controller.js:48:7[39m
2025-11-05 04:30:05 , [31merror[39m , [31m[f6dd249f-2ed5-4c04-9058-ef2ab5363efe] POST /api/users/login →ERROR (400) [197] [39m
2025-11-05 04:31:27 , [32minfo[39m , [32mServer is running on port 5000[39m
2025-11-05 04:31:29 , [32minfo[39m , [32mMongoDB Connected: ac-k8rtfkd-shard-00-01.e20l7ns.mongodb.net[39m
2025-11-05 04:31:40 , [35mhttp[39m , [35m[5f326bfb-e0ce-4b42-9fec-c24598569228] POST /api/users/register from ::1[39m
2025-11-05 04:31:40 , [35mhttp[39m , [35m[5f326bfb-e0ce-4b42-9fec-c24598569228] POST /api/users/register →SUCCESS (201) [810] [39m
2025-11-05 04:31:43 , [35mhttp[39m , [35m[51272ba2-0ce0-47fa-9494-424de397867b] POST /api/users/login from ::1[39m
2025-11-05 04:31:44 , [35mhttp[39m , [35m[51272ba2-0ce0-47fa-9494-424de397867b] POST /api/users/login →SUCCESS (200) [378] [39m
2025-11-05 04:32:50 , [35mhttp[39m , [35m[92e265c5-1a46-42a0-8770-ff60819a9f6a] POST /api/users/forgotPassword from ::1[39m
2025-11-05 04:32:52 , [35mhttp[39m , [35m[92e265c5-1a46-42a0-8770-ff60819a9f6a] POST /api/users/forgotPassword →SUCCESS (200) [1973] [39m
2025-11-05 04:33:44 , [32minfo[39m , [32mServer is running on port 5000[39m
2025-11-05 04:33:45 , [32minfo[39m , [32mMongoDB Connected: ac-k8rtfkd-shard-00-02.e20l7ns.mongodb.net[39m
2025-11-05 04:33:46 , [35mhttp[39m , [35m[15a52400-8523-4c12-9c8e-7f89e48004ec] POST /api/users/forgotPassword from ::1[39m
2025-11-05 04:33:48 , [35mhttp[39m , [35m[15a52400-8523-4c12-9c8e-7f89e48004ec] POST /api/users/forgotPassword →SUCCESS (200) [1896] [39m
2025-11-05 04:34:27 , [32minfo[39m , [32mServer is running on port 5000[39m
2025-11-05 04:34:28 , [32minfo[39m , [32mMongoDB Connected: ac-k8rtfkd-shard-00-00.e20l7ns.mongodb.net[39m
2025-11-05 04:34:30 , [35mhttp[39m , [35m[3395bd7c-2723-462a-821b-865cd19c08c0] POST /api/users/forgotPassword from ::1[39m
2025-11-05 04:34:32 , [35mhttp[39m , [35m[3395bd7c-2723-462a-821b-865cd19c08c0] POST /api/users/forgotPassword →SUCCESS (200) [1825] [39m
2025-11-05 04:34:58 , [32minfo[39m , [32mServer is running on port 5000[39m
2025-11-05 04:35:00 , [32minfo[39m , [32mMongoDB Connected: ac-k8rtfkd-shard-00-01.e20l7ns.mongodb.net[39m
2025-11-05 04:35:50 , [32minfo[39m , [32mServer is running on port 5000[39m
2025-11-05 04:35:52 , [32minfo[39m , [32mMongoDB Connected: ac-k8rtfkd-shard-00-02.e20l7ns.mongodb.net[39m
2025-11-05 05:41:06 , [32minfo[39m , [32mServer is running on port 5000[39m
2025-11-05 05:41:07 , [32minfo[39m , [32mMongoDB Connected: ac-k8rtfkd-shard-00-00.e20l7ns.mongodb.net[39m
2025-11-05 05:43:30 , [32minfo[39m , [32mServer is running on port 5000[39m
2025-11-05 05:43:32 , [32minfo[39m , [32mMongoDB Connected: ac-k8rtfkd-shard-00-01.e20l7ns.mongodb.net[39m
2025-11-05 05:44:37 , [32minfo[39m , [32mServer is running on port 5000[39m
2025-11-05 05:44:38 , [32minfo[39m , [32mMongoDB Connected: ac-k8rtfkd-shard-00-02.e20l7ns.mongodb.net[39m
2025-11-05 05:46:10 , [32minfo[39m , [32mServer is running on port 5000[39m
2025-11-05 05:46:11 , [32minfo[39m , [32mMongoDB Connected: ac-k8rtfkd-shard-00-00.e20l7ns.mongodb.net[39m
2025-11-05 05:47:48 , [32minfo[39m , [32mServer is running on port 5000[39m
2025-11-05 05:47:49 , [32minfo[39m , [32mMongoDB Connected: ac-k8rtfkd-shard-00-01.e20l7ns.mongodb.net[39m
2025-11-05 05:48:34 , [35mhttp[39m , [35m[d667e99f-2aef-404b-9c03-d251ab116818] POST /api/users/forgotPassword from ::1[39m
2025-11-05 05:48:37 , [35mhttp[39m , [35m[d667e99f-2aef-404b-9c03-d251ab116818] POST /api/users/forgotPassword →SUCCESS (200) [3215] [39m
2025-11-05 05:49:11 , [35mhttp[39m , [35m[4a43e7a7-01c3-460d-813d-2a261f109796] POST /api/users/verifyResetCode from ::1[39m
2025-11-05 05:49:11 , [31merror[39m , [31m[4a43e7a7-01c3-460d-813d-2a261f109796] POST /api/users/verifyResetCode →ERROR (404) [2] [39m
2025-11-05 05:49:15 , [35mhttp[39m , [35m[25d881b7-5662-4b03-8c07-152dcaa08f92] POST /api/users/verifyResetCode from ::1[39m
2025-11-05 05:49:15 , [31merror[39m , [31m[25d881b7-5662-4b03-8c07-152dcaa08f92] POST /api/users/verifyResetCode →ERROR (404) [1] [39m
2025-11-05 05:49:23 , [32minfo[39m , [32mServer is running on port 5000[39m
2025-11-05 05:49:24 , [32minfo[39m , [32mMongoDB Connected: ac-k8rtfkd-shard-00-02.e20l7ns.mongodb.net[39m
2025-11-05 05:49:27 , [35mhttp[39m , [35m[e55bdd76-e638-4f40-ab24-a98ecc6b8f2f] POST /api/users/verifyResetCode from ::1[39m
2025-11-05 05:49:27 , [31merror[39m , [31me55bdd76-e638-4f40-ab24-a98ecc6b8f2f Cast to string failed for value "Promise { <pending> }" (type Promise) at path "passwordResetCode" for model "User" , POST , /api/users/verifyResetCode[39m
[31mCastError: Cast to string failed for value "Promise { <pending> }" (type Promise) at path "passwordResetCode" for model "User"[39m
[31m    at SchemaString.cast (D:\NodeJS Course\learn\E-commerce-Api\node_modules\mongoose\lib\schema\string.js:607:11)[39m
[31m    at SchemaType.applySetters (D:\NodeJS Course\learn\E-commerce-Api\node_modules\mongoose\lib\schemaType.js:1262:12)[39m
[31m    at SchemaString.castForQuery (D:\NodeJS Course\learn\E-commerce-Api\node_modules\mongoose\lib\schema\string.js:701:17)[39m
[31m    at cast (D:\NodeJS Course\learn\E-commerce-Api\node_modules\mongoose\lib\cast.js:390:32)[39m
[31m    at Query.cast (D:\NodeJS Course\learn\E-commerce-Api\node_modules\mongoose\lib\query.js:5060:12)[39m
[31m    at Query._castConditions (D:\NodeJS Course\learn\E-commerce-Api\node_modules\mongoose\lib\query.js:2374:10)[39m
[31m    at model.Query._findOne (D:\NodeJS Course\learn\E-commerce-Api\node_modules\mongoose\lib\query.js:2697:8)[39m
[31m    at model.Query.exec (D:\NodeJS Course\learn\E-commerce-Api\node_modules\mongoose\lib\query.js:4627:80)[39m
[31m    at process.processTicksAndRejections (node:internal/process/task_queues:103:5)[39m
[31m    at async file:///D:/NodeJS%20Course/learn/E-commerce-Api/src/modules/auth/controllers/auth.controller.js:101:16[39m
2025-11-05 05:49:27 , [31merror[39m , [31m[e55bdd76-e638-4f40-ab24-a98ecc6b8f2f] POST /api/users/verifyResetCode →ERROR (500) [30] [39m
2025-11-05 05:50:38 , [32minfo[39m , [32mServer is running on port 5000[39m
2025-11-05 05:50:42 , [35mhttp[39m , [35m[22400ac7-a14f-4239-b8a4-274e939228a1] POST /api/users/verifyResetCode from ::1[39m
2025-11-05 05:50:43 , [32minfo[39m , [32mMongoDB Connected: ac-k8rtfkd-shard-00-00.e20l7ns.mongodb.net[39m
2025-11-05 05:50:43 , [31merror[39m , [31m22400ac7-a14f-4239-b8a4-274e939228a1 Reset code is invalid or expired , POST , /api/users/verifyResetCode[39m
[31mError: Reset code is invalid or expired[39m
[31m    at file:///D:/NodeJS%20Course/learn/E-commerce-Api/src/modules/auth/controllers/auth.controller.js:104:26[39m
[31m    at process.processTicksAndRejections (node:internal/process/task_queues:103:5)[39m
2025-11-05 05:50:43 , [31merror[39m , [31m[22400ac7-a14f-4239-b8a4-274e939228a1] POST /api/users/verifyResetCode →ERROR (500) [1048] [39m
2025-11-05 05:50:48 , [35mhttp[39m , [35m[4ab0ced2-8c3b-4bdb-bc42-c668710fc533] POST /api/users/forgotPassword from ::1[39m
2025-11-05 05:50:51 , [35mhttp[39m , [35m[4ab0ced2-8c3b-4bdb-bc42-c668710fc533] POST /api/users/forgotPassword →SUCCESS (200) [3121] [39m
2025-11-05 05:51:09 , [35mhttp[39m , [35m[8b628a9a-47cd-4681-8ef5-e66ca3f5e6cc] POST /api/users/verifyResetCode from ::1[39m
2025-11-05 05:51:09 , [31merror[39m , [31m8b628a9a-47cd-4681-8ef5-e66ca3f5e6cc Reset code is invalid or expired , POST , /api/users/verifyResetCode[39m
[31mError: Reset code is invalid or expired[39m
[31m    at file:///D:/NodeJS%20Course/learn/E-commerce-Api/src/modules/auth/controllers/auth.controller.js:104:26[39m
[31m    at process.processTicksAndRejections (node:internal/process/task_queues:103:5)[39m
2025-11-05 05:51:09 , [31merror[39m , [31m[8b628a9a-47cd-4681-8ef5-e66ca3f5e6cc] POST /api/users/verifyResetCode →ERROR (500) [212] [39m
2025-11-05 05:51:13 , [35mhttp[39m , [35m[4acb626c-ea8c-45f3-9738-4e1caed761cd] POST /api/users/verifyResetCode from ::1[39m
2025-11-05 05:51:13 , [31merror[39m , [31m4acb626c-ea8c-45f3-9738-4e1caed761cd data must be a string or Buffer and salt must either be a salt string or a number of rounds , POST , /api/users/verifyResetCode[39m
[31mError: data must be a string or Buffer and salt must either be a salt string or a number of rounds[39m
[31m    at Object.hash (D:\NodeJS Course\learn\E-commerce-Api\node_modules\bcrypt\bcrypt.js:140:17)[39m
[31m    at D:\NodeJS Course\learn\E-commerce-Api\node_modules\bcrypt\promises.js:26:12[39m
[31m    at new Promise (<anonymous>)[39m
[31m    at Object.promise (D:\NodeJS Course\learn\E-commerce-Api\node_modules\bcrypt\promises.js:17:12)[39m
[31m    at Object.hash (D:\NodeJS Course\learn\E-commerce-Api\node_modules\bcrypt\bcrypt.js:129:25)[39m
[31m    at file:///D:/NodeJS%20Course/learn/E-commerce-Api/src/modules/auth/controllers/auth.controller.js:99:40[39m
[31m    at file:///D:/NodeJS%20Course/learn/E-commerce-Api/src/middlewares/asyncWrapper.js:3:5[39m
[31m    at Layer.handleRequest (D:\NodeJS Course\learn\E-commerce-Api\node_modules\router\lib\layer.js:152:17)[39m
[31m    at next (D:\NodeJS Course\learn\E-commerce-Api\node_modules\router\lib\route.js:157:13)[39m
[31m    at Route.dispatch (D:\NodeJS Course\learn\E-commerce-Api\node_modules\router\lib\route.js:117:3)[39m
2025-11-05 05:51:13 , [31merror[39m , [31m[4acb626c-ea8c-45f3-9738-4e1caed761cd] POST /api/users/verifyResetCode →ERROR (500) [2] [39m
2025-11-06 03:25:11 , [32minfo[39m , [32mServer is running on port 5000[39m
2025-11-06 03:25:12 , [32minfo[39m , [32mMongoDB Connected: ac-k8rtfkd-shard-00-00.e20l7ns.mongodb.net[39m
2025-11-06 03:25:16 , [35mhttp[39m , [35m[c7d3410f-304c-40dc-b96d-e62a473bb1b1] PUT /api/users/resetPassword from ::1[39m
2025-11-06 03:25:16 , [31merror[39m , [31mc7d3410f-304c-40dc-b96d-e62a473bb1b1 Reset code not verified , PUT , /api/users/resetPassword[39m
[31mError: Reset code not verified[39m
[31m    at file:///D:/NodeJS%20Course/learn/E-commerce-Api/src/modules/auth/controllers/auth.controller.js:121:17[39m
[31m    at process.processTicksAndRejections (node:internal/process/task_queues:103:5)[39m
2025-11-06 03:25:16 , [31merror[39m , [31m[c7d3410f-304c-40dc-b96d-e62a473bb1b1] PUT /api/users/resetPassword →ERROR (400) [85] [39m
2025-11-06 03:25:26 , [35mhttp[39m , [35m[2a68d182-c83f-448e-8f56-eff930be1de1] POST /api/users/forgotPassword from ::1[39m
2025-11-06 03:25:28 , [35mhttp[39m , [35m[2a68d182-c83f-448e-8f56-eff930be1de1] POST /api/users/forgotPassword →SUCCESS (200) [2240] [39m
2025-11-06 03:25:44 , [32minfo[39m , [32mServer is running on port 5000[39m
2025-11-06 03:25:45 , [32minfo[39m , [32mMongoDB Connected: ac-k8rtfkd-shard-00-01.e20l7ns.mongodb.net[39m
2025-11-06 03:25:49 , [35mhttp[39m , [35m[c216f1de-6124-4e3d-9bde-1913e06f130c] POST /api/users/forgotPassword from ::1[39m
2025-11-06 03:25:51 , [35mhttp[39m , [35m[c216f1de-6124-4e3d-9bde-1913e06f130c] POST /api/users/forgotPassword →SUCCESS (200) [1783] [39m
2025-11-06 03:26:18 , [35mhttp[39m , [35m[15d44497-5a0f-42cb-8983-2faef8f36c79] POST /api/users/verifyResetCode from ::1[39m
2025-11-06 03:26:18 , [31merror[39m , [31m15d44497-5a0f-42cb-8983-2faef8f36c79 Reset code is invalid or expired , POST , /api/users/verifyResetCode[39m
[31mError: Reset code is invalid or expired[39m
[31m    at file:///D:/NodeJS%20Course/learn/E-commerce-Api/src/modules/auth/controllers/auth.controller.js:104:26[39m
[31m    at process.processTicksAndRejections (node:internal/process/task_queues:103:5)[39m
2025-11-06 03:26:18 , [31merror[39m , [31m[15d44497-5a0f-42cb-8983-2faef8f36c79] POST /api/users/verifyResetCode →ERROR (500) [140] [39m
2025-11-06 03:26:22 , [35mhttp[39m , [35m[1dcfd257-5f80-4a60-bc46-7968516f6775] POST /api/users/verifyResetCode from ::1[39m
2025-11-06 03:26:22 , [31merror[39m , [31m1dcfd257-5f80-4a60-bc46-7968516f6775 Reset code is invalid or expired , POST , /api/users/verifyResetCode[39m
[31mError: Reset code is invalid or expired[39m
[31m    at file:///D:/NodeJS%20Course/learn/E-commerce-Api/src/modules/auth/controllers/auth.controller.js:104:26[39m
[31m    at process.processTicksAndRejections (node:internal/process/task_queues:103:5)[39m
2025-11-06 03:26:22 , [31merror[39m , [31m[1dcfd257-5f80-4a60-bc46-7968516f6775] POST /api/users/verifyResetCode →ERROR (500) [138] [39m
2025-11-06 03:26:31 , [35mhttp[39m , [35m[1f721027-f8f0-40f5-bd99-2f9ccb829294] POST /api/users/verifyResetCode from ::1[39m
2025-11-06 03:26:31 , [31merror[39m , [31m1f721027-f8f0-40f5-bd99-2f9ccb829294 Reset code is invalid or expired , POST , /api/users/verifyResetCode[39m
[31mError: Reset code is invalid or expired[39m
[31m    at file:///D:/NodeJS%20Course/learn/E-commerce-Api/src/modules/auth/controllers/auth.controller.js:104:26[39m
[31m    at process.processTicksAndRejections (node:internal/process/task_queues:103:5)[39m
2025-11-06 03:26:31 , [31merror[39m , [31m[1f721027-f8f0-40f5-bd99-2f9ccb829294] POST /api/users/verifyResetCode →ERROR (500) [137] [39m
2025-11-06 03:26:32 , [35mhttp[39m , [35m[fc7ac09b-c2bb-464e-9661-3bb9d0100ff9] POST /api/users/verifyResetCode from ::1[39m
2025-11-06 03:26:33 , [31merror[39m , [31mfc7ac09b-c2bb-464e-9661-3bb9d0100ff9 Reset code is invalid or expired , POST , /api/users/verifyResetCode[39m
[31mError: Reset code is invalid or expired[39m
[31m    at file:///D:/NodeJS%20Course/learn/E-commerce-Api/src/modules/auth/controllers/auth.controller.js:104:26[39m
[31m    at process.processTicksAndRejections (node:internal/process/task_queues:103:5)[39m
2025-11-06 03:26:33 , [31merror[39m , [31m[fc7ac09b-c2bb-464e-9661-3bb9d0100ff9] POST /api/users/verifyResetCode →ERROR (500) [187] [39m
2025-11-06 03:26:52 , [35mhttp[39m , [35m[bacc61ad-2d58-4746-98f7-b93778ffbc9f] POST /api/users/forgotPassword from ::1[39m
2025-11-06 03:26:54 , [35mhttp[39m , [35m[bacc61ad-2d58-4746-98f7-b93778ffbc9f] POST /api/users/forgotPassword →SUCCESS (200) [1861] [39m
2025-11-06 03:27:11 , [35mhttp[39m , [35m[bb879aa6-8846-40c4-9993-82197814de8b] POST /api/users/verifyResetCode from ::1[39m
2025-11-06 03:27:11 , [31merror[39m , [31mbb879aa6-8846-40c4-9993-82197814de8b Reset code is invalid or expired , POST , /api/users/verifyResetCode[39m
[31mError: Reset code is invalid or expired[39m
[31m    at file:///D:/NodeJS%20Course/learn/E-commerce-Api/src/modules/auth/controllers/auth.controller.js:104:26[39m
[31m    at process.processTicksAndRejections (node:internal/process/task_queues:103:5)[39m
2025-11-06 03:27:11 , [31merror[39m , [31m[bb879aa6-8846-40c4-9993-82197814de8b] POST /api/users/verifyResetCode →ERROR (500) [134] [39m
2025-11-06 03:30:37 , [35mhttp[39m , [35m[f851998d-4b20-416a-bcfa-535e3e9bd842] POST /api/users/verifyResetCode from ::1[39m
2025-11-06 03:30:37 , [31merror[39m , [31mf851998d-4b20-416a-bcfa-535e3e9bd842 Reset code is invalid or expired , POST , /api/users/verifyResetCode[39m
[31mError: Reset code is invalid or expired[39m
[31m    at file:///D:/NodeJS%20Course/learn/E-commerce-Api/src/modules/auth/controllers/auth.controller.js:104:26[39m
[31m    at process.processTicksAndRejections (node:internal/process/task_queues:103:5)[39m
2025-11-06 03:30:37 , [31merror[39m , [31m[f851998d-4b20-416a-bcfa-535e3e9bd842] POST /api/users/verifyResetCode →ERROR (500) [147] [39m
2025-11-06 03:32:51 , [32minfo[39m , [32mServer is running on port 5000[39m
2025-11-06 03:32:52 , [32minfo[39m , [32mMongoDB Connected: ac-k8rtfkd-shard-00-01.e20l7ns.mongodb.net[39m
2025-11-06 03:34:30 , [32minfo[39m , [32mServer is running on port 5000[39m
2025-11-06 03:34:31 , [32minfo[39m , [32mMongoDB Connected: ac-k8rtfkd-shard-00-02.e20l7ns.mongodb.net[39m
2025-11-06 03:34:32 , [35mhttp[39m , [35m[754c85ca-e2b5-447d-8d8f-d8b24f543fa2] POST /api/users/verifyResetCode from ::1[39m
2025-11-06 03:34:32 , [31merror[39m , [31m754c85ca-e2b5-447d-8d8f-d8b24f543fa2 Cannot access 'user' before initialization , POST , /api/users/verifyResetCode[39m
[31mReferenceError: Cannot access 'user' before initialization[39m
[31m    at file:///D:/NodeJS%20Course/learn/E-commerce-Api/src/modules/auth/controllers/auth.controller.js:101:5[39m
[31m    at file:///D:/NodeJS%20Course/learn/E-commerce-Api/src/middlewares/asyncWrapper.js:3:5[39m
[31m    at Layer.handleRequest (D:\NodeJS Course\learn\E-commerce-Api\node_modules\router\lib\layer.js:152:17)[39m
[31m    at next (D:\NodeJS Course\learn\E-commerce-Api\node_modules\router\lib\route.js:157:13)[39m
[31m    at Route.dispatch (D:\NodeJS Course\learn\E-commerce-Api\node_modules\router\lib\route.js:117:3)[39m
[31m    at handle (D:\NodeJS Course\learn\E-commerce-Api\node_modules\router\index.js:435:11)[39m
[31m    at Layer.handleRequest (D:\NodeJS Course\learn\E-commerce-Api\node_modules\router\lib\layer.js:152:17)[39m
[31m    at D:\NodeJS Course\learn\E-commerce-Api\node_modules\router\index.js:295:15[39m
[31m    at processParams (D:\NodeJS Course\learn\E-commerce-Api\node_modules\router\index.js:582:12)[39m
[31m    at next (D:\NodeJS Course\learn\E-commerce-Api\node_modules\router\index.js:291:5)[39m
2025-11-06 03:34:32 , [31merror[39m , [31m[754c85ca-e2b5-447d-8d8f-d8b24f543fa2] POST /api/users/verifyResetCode →ERROR (500) [7] [39m
2025-11-06 03:34:37 , [35mhttp[39m , [35m[6a108d99-c80a-4979-8fe0-8ada86d416e9] POST /api/users/forgotPassword from ::1[39m
2025-11-06 03:34:39 , [35mhttp[39m , [35m[6a108d99-c80a-4979-8fe0-8ada86d416e9] POST /api/users/forgotPassword →SUCCESS (200) [2049] [39m
2025-11-06 03:34:51 , [35mhttp[39m , [35m[b120374a-404d-4d75-a505-2a28a83c0b46] POST /api/users/verifyResetCode from ::1[39m
2025-11-06 03:34:51 , [31merror[39m , [31mb120374a-404d-4d75-a505-2a28a83c0b46 Cannot access 'user' before initialization , POST , /api/users/verifyResetCode[39m
[31mReferenceError: Cannot access 'user' before initialization[39m
[31m    at file:///D:/NodeJS%20Course/learn/E-commerce-Api/src/modules/auth/controllers/auth.controller.js:101:5[39m
[31m    at file:///D:/NodeJS%20Course/learn/E-commerce-Api/src/middlewares/asyncWrapper.js:3:5[39m
[31m    at Layer.handleRequest (D:\NodeJS Course\learn\E-commerce-Api\node_modules\router\lib\layer.js:152:17)[39m
[31m    at next (D:\NodeJS Course\learn\E-commerce-Api\node_modules\router\lib\route.js:157:13)[39m
[31m    at Route.dispatch (D:\NodeJS Course\learn\E-commerce-Api\node_modules\router\lib\route.js:117:3)[39m
[31m    at handle (D:\NodeJS Course\learn\E-commerce-Api\node_modules\router\index.js:435:11)[39m
[31m    at Layer.handleRequest (D:\NodeJS Course\learn\E-commerce-Api\node_modules\router\lib\layer.js:152:17)[39m
[31m    at D:\NodeJS Course\learn\E-commerce-Api\node_modules\router\index.js:295:15[39m
[31m    at processParams (D:\NodeJS Course\learn\E-commerce-Api\node_modules\router\index.js:582:12)[39m
[31m    at next (D:\NodeJS Course\learn\E-commerce-Api\node_modules\router\index.js:291:5)[39m
2025-11-06 03:34:51 , [31merror[39m , [31m[b120374a-404d-4d75-a505-2a28a83c0b46] POST /api/users/verifyResetCode →ERROR (500) [2] [39m
2025-11-06 03:34:52 , [35mhttp[39m , [35m[d8294e3d-487a-4e79-9a5e-4b75292e910c] POST /api/users/verifyResetCode from ::1[39m
2025-11-06 03:34:52 , [31merror[39m , [31md8294e3d-487a-4e79-9a5e-4b75292e910c Cannot access 'user' before initialization , POST , /api/users/verifyResetCode[39m
[31mReferenceError: Cannot access 'user' before initialization[39m
[31m    at file:///D:/NodeJS%20Course/learn/E-commerce-Api/src/modules/auth/controllers/auth.controller.js:101:5[39m
[31m    at file:///D:/NodeJS%20Course/learn/E-commerce-Api/src/middlewares/asyncWrapper.js:3:5[39m
[31m    at Layer.handleRequest (D:\NodeJS Course\learn\E-commerce-Api\node_modules\router\lib\layer.js:152:17)[39m
[31m    at next (D:\NodeJS Course\learn\E-commerce-Api\node_modules\router\lib\route.js:157:13)[39m
[31m    at Route.dispatch (D:\NodeJS Course\learn\E-commerce-Api\node_modules\router\lib\route.js:117:3)[39m
[31m    at handle (D:\NodeJS Course\learn\E-commerce-Api\node_modules\router\index.js:435:11)[39m
[31m    at Layer.handleRequest (D:\NodeJS Course\learn\E-commerce-Api\node_modules\router\lib\layer.js:152:17)[39m
[31m    at D:\NodeJS Course\learn\E-commerce-Api\node_modules\router\index.js:295:15[39m
[31m    at processParams (D:\NodeJS Course\learn\E-commerce-Api\node_modules\router\index.js:582:12)[39m
[31m    at next (D:\NodeJS Course\learn\E-commerce-Api\node_modules\router\index.js:291:5)[39m
2025-11-06 03:34:52 , [31merror[39m , [31m[d8294e3d-487a-4e79-9a5e-4b75292e910c] POST /api/users/verifyResetCode →ERROR (500) [3] [39m
2025-11-06 03:36:29 , [32minfo[39m , [32mServer is running on port 5000[39m
2025-11-06 03:36:30 , [32minfo[39m , [32mMongoDB Connected: ac-k8rtfkd-shard-00-00.e20l7ns.mongodb.net[39m
2025-11-06 03:38:03 , [32minfo[39m , [32mServer is running on port 5000[39m
2025-11-06 03:38:04 , [32minfo[39m , [32mMongoDB Connected: ac-k8rtfkd-shard-00-01.e20l7ns.mongodb.net[39m
2025-11-06 03:39:03 , [32minfo[39m , [32mServer is running on port 5000[39m
2025-11-06 03:39:04 , [32minfo[39m , [32mMongoDB Connected: ac-k8rtfkd-shard-00-02.e20l7ns.mongodb.net[39m
2025-11-06 03:39:27 , [35mhttp[39m , [35m[1844f481-66cf-4268-870e-fe5c9406ab9a] POST /api/users/verifyResetCode from ::1[39m
2025-11-06 03:39:27 , [31merror[39m , [31m1844f481-66cf-4268-870e-fe5c9406ab9a Reset code is invalid or expired , POST , /api/users/verifyResetCode[39m
[31mError: Reset code is invalid or expired[39m
[31m    at file:///D:/NodeJS%20Course/learn/E-commerce-Api/src/modules/auth/controllers/auth.controller.js:105:26[39m
[31m    at process.processTicksAndRejections (node:internal/process/task_queues:103:5)[39m
2025-11-06 03:39:27 , [31merror[39m , [31m[1844f481-66cf-4268-870e-fe5c9406ab9a] POST /api/users/verifyResetCode →ERROR (500) [146] [39m
2025-11-06 03:39:29 , [35mhttp[39m , [35m[71304784-8c2a-48d5-bf74-1957cc73949d] POST /api/users/verifyResetCode from ::1[39m
2025-11-06 03:39:29 , [31merror[39m , [31m71304784-8c2a-48d5-bf74-1957cc73949d Reset code is invalid or expired , POST , /api/users/verifyResetCode[39m
[31mError: Reset code is invalid or expired[39m
[31m    at file:///D:/NodeJS%20Course/learn/E-commerce-Api/src/modules/auth/controllers/auth.controller.js:105:26[39m
[31m    at process.processTicksAndRejections (node:internal/process/task_queues:103:5)[39m
2025-11-06 03:39:29 , [31merror[39m , [31m[71304784-8c2a-48d5-bf74-1957cc73949d] POST /api/users/verifyResetCode →ERROR (500) [138] [39m
2025-11-06 03:39:30 , [35mhttp[39m , [35m[3b1f5c17-1576-47cc-96be-d62858857eee] POST /api/users/verifyResetCode from ::1[39m
2025-11-06 03:39:30 , [31merror[39m , [31m3b1f5c17-1576-47cc-96be-d62858857eee Reset code is invalid or expired , POST , /api/users/verifyResetCode[39m
[31mError: Reset code is invalid or expired[39m
[31m    at file:///D:/NodeJS%20Course/learn/E-commerce-Api/src/modules/auth/controllers/auth.controller.js:105:26[39m
[31m    at process.processTicksAndRejections (node:internal/process/task_queues:103:5)[39m
2025-11-06 03:39:30 , [31merror[39m , [31m[3b1f5c17-1576-47cc-96be-d62858857eee] POST /api/users/verifyResetCode →ERROR (500) [136] [39m
2025-11-06 03:39:31 , [35mhttp[39m , [35m[93454eb7-e4bd-4d54-a4b8-272334543d44] POST /api/users/verifyResetCode from ::1[39m
2025-11-06 03:39:31 , [31merror[39m , [31m93454eb7-e4bd-4d54-a4b8-272334543d44 Reset code is invalid or expired , POST , /api/users/verifyResetCode[39m
[31mError: Reset code is invalid or expired[39m
[31m    at file:///D:/NodeJS%20Course/learn/E-commerce-Api/src/modules/auth/controllers/auth.controller.js:105:26[39m
[31m    at process.processTicksAndRejections (node:internal/process/task_queues:103:5)[39m
2025-11-06 03:39:31 , [31merror[39m , [31m[93454eb7-e4bd-4d54-a4b8-272334543d44] POST /api/users/verifyResetCode →ERROR (500) [135] [39m
2025-11-06 03:42:42 , [32minfo[39m , [32mServer is running on port 5000[39m
2025-11-06 03:42:43 , [32minfo[39m , [32mMongoDB Connected: ac-k8rtfkd-shard-00-00.e20l7ns.mongodb.net[39m
2025-11-06 03:42:58 , [32minfo[39m , [32mServer is running on port 5000[39m
2025-11-06 03:42:59 , [32minfo[39m , [32mMongoDB Connected: ac-k8rtfkd-shard-00-01.e20l7ns.mongodb.net[39m
2025-11-06 03:43:49 , [32minfo[39m , [32mServer is running on port 5000[39m
2025-11-06 03:43:50 , [32minfo[39m , [32mMongoDB Connected: ac-k8rtfkd-shard-00-02.e20l7ns.mongodb.net[39m
2025-11-06 03:44:10 , [35mhttp[39m , [35m[b28281fa-fa57-47c6-b370-862244fda15f] POST /api/users/forgotPassword from ::1[39m
2025-11-06 03:44:12 , [35mhttp[39m , [35m[b28281fa-fa57-47c6-b370-862244fda15f] POST /api/users/forgotPassword →SUCCESS (200) [2026] [39m
2025-11-06 03:44:34 , [35mhttp[39m , [35m[ef5a4540-183b-46fe-a75d-376dad3792a2] POST /api/users/verifyResetCode from ::1[39m
2025-11-06 03:44:35 , [31merror[39m , [31mef5a4540-183b-46fe-a75d-376dad3792a2 Reset code is invalid or expired , POST , /api/users/verifyResetCode[39m
[31mError: Reset code is invalid or expired[39m
[31m    at file:///D:/NodeJS%20Course/learn/E-commerce-Api/src/modules/auth/controllers/auth.controller.js:104:26[39m
[31m    at process.processTicksAndRejections (node:internal/process/task_queues:103:5)[39m
2025-11-06 03:44:35 , [31merror[39m , [31m[ef5a4540-183b-46fe-a75d-376dad3792a2] POST /api/users/verifyResetCode →ERROR (500) [271] [39m
2025-11-06 03:44:36 , [35mhttp[39m , [35m[5dbdf5e1-7661-4571-89bb-73bcccc4dac2] POST /api/users/verifyResetCode from ::1[39m
2025-11-06 03:44:36 , [31merror[39m , [31m5dbdf5e1-7661-4571-89bb-73bcccc4dac2 Reset code is invalid or expired , POST , /api/users/verifyResetCode[39m
[31mError: Reset code is invalid or expired[39m
[31m    at file:///D:/NodeJS%20Course/learn/E-commerce-Api/src/modules/auth/controllers/auth.controller.js:104:26[39m
[31m    at process.processTicksAndRejections (node:internal/process/task_queues:103:5)[39m
2025-11-06 03:44:36 , [31merror[39m , [31m[5dbdf5e1-7661-4571-89bb-73bcccc4dac2] POST /api/users/verifyResetCode →ERROR (500) [293] [39m
2025-11-06 03:44:37 , [35mhttp[39m , [35m[5253500e-2c5b-4cb2-a9cc-a63a84665a4e] POST /api/users/verifyResetCode from ::1[39m
2025-11-06 03:44:37 , [31merror[39m , [31m5253500e-2c5b-4cb2-a9cc-a63a84665a4e Reset code is invalid or expired , POST , /api/users/verifyResetCode[39m
[31mError: Reset code is invalid or expired[39m
[31m    at file:///D:/NodeJS%20Course/learn/E-commerce-Api/src/modules/auth/controllers/auth.controller.js:104:26[39m
[31m    at process.processTicksAndRejections (node:internal/process/task_queues:103:5)[39m
2025-11-06 03:44:37 , [31merror[39m , [31m[5253500e-2c5b-4cb2-a9cc-a63a84665a4e] POST /api/users/verifyResetCode →ERROR (500) [300] [39m
2025-11-06 03:44:39 , [35mhttp[39m , [35m[ca3272e9-ca1a-4d32-9d6e-07ce38375bbd] POST /api/users/verifyResetCode from ::1[39m
2025-11-06 03:44:39 , [31merror[39m , [31mca3272e9-ca1a-4d32-9d6e-07ce38375bbd Reset code is invalid or expired , POST , /api/users/verifyResetCode[39m
[31mError: Reset code is invalid or expired[39m
[31m    at file:///D:/NodeJS%20Course/learn/E-commerce-Api/src/modules/auth/controllers/auth.controller.js:104:26[39m
[31m    at process.processTicksAndRejections (node:internal/process/task_queues:103:5)[39m
2025-11-06 03:44:39 , [31merror[39m , [31m[ca3272e9-ca1a-4d32-9d6e-07ce38375bbd] POST /api/users/verifyResetCode →ERROR (500) [244] [39m
2025-11-06 03:45:03 , [32minfo[39m , [32mServer is running on port 5000[39m
2025-11-06 03:45:04 , [32minfo[39m , [32mMongoDB Connected: ac-k8rtfkd-shard-00-00.e20l7ns.mongodb.net[39m
2025-11-06 03:46:15 , [32minfo[39m , [32mServer is running on port 5000[39m
2025-11-06 03:46:16 , [32minfo[39m , [32mMongoDB Connected: ac-k8rtfkd-shard-00-01.e20l7ns.mongodb.net[39m
2025-11-06 03:46:32 , [35mhttp[39m , [35m[9b1c2b75-a879-4839-a6dd-9f7b595c5e5d] POST /api/users/forgotPassword from ::1[39m
2025-11-06 03:46:34 , [35mhttp[39m , [35m[9b1c2b75-a879-4839-a6dd-9f7b595c5e5d] POST /api/users/forgotPassword →SUCCESS (200) [1894] [39m
2025-11-06 03:46:47 , [35mhttp[39m , [35m[91b0e14b-2127-418c-b90d-a48b8dbdaff5] POST /api/users/verifyResetCode from ::1[39m
2025-11-06 03:46:47 , [31merror[39m , [31m91b0e14b-2127-418c-b90d-a48b8dbdaff5 Reset code is invalid or expired , POST , /api/users/verifyResetCode[39m
[31mError: Reset code is invalid or expired[39m
[31m    at file:///D:/NodeJS%20Course/learn/E-commerce-Api/src/modules/auth/controllers/auth.controller.js:104:26[39m
[31m    at process.processTicksAndRejections (node:internal/process/task_queues:103:5)[39m
2025-11-06 03:46:47 , [31merror[39m , [31m[91b0e14b-2127-418c-b90d-a48b8dbdaff5] POST /api/users/verifyResetCode →ERROR (500) [73] [39m
2025-11-06 03:46:48 , [35mhttp[39m , [35m[6810923d-0cdf-4235-888b-7e81556a9943] POST /api/users/verifyResetCode from ::1[39m
2025-11-06 03:46:48 , [31merror[39m , [31m6810923d-0cdf-4235-888b-7e81556a9943 Reset code is invalid or expired , POST , /api/users/verifyResetCode[39m
[31mError: Reset code is invalid or expired[39m
[31m    at file:///D:/NodeJS%20Course/learn/E-commerce-Api/src/modules/auth/controllers/auth.controller.js:104:26[39m
[31m    at process.processTicksAndRejections (node:internal/process/task_queues:103:5)[39m
2025-11-06 03:46:48 , [31merror[39m , [31m[6810923d-0cdf-4235-888b-7e81556a9943] POST /api/users/verifyResetCode →ERROR (500) [77] [39m
2025-11-06 03:50:12 , [32minfo[39m , [32mServer is running on port 5000[39m
2025-11-06 03:50:13 , [32minfo[39m , [32mMongoDB Connected: ac-k8rtfkd-shard-00-02.e20l7ns.mongodb.net[39m
2025-11-06 03:50:18 , [35mhttp[39m , [35m[8e265e39-f47c-439b-aece-4f754d6f1d7e] POST /api/users/verifyResetCode from ::1[39m
2025-11-06 03:50:18 , [31merror[39m , [31m8e265e39-f47c-439b-aece-4f754d6f1d7e Reset code is invalid or expired , POST , /api/users/verifyResetCode[39m
[31mError: Reset code is invalid or expired[39m
[31m    at file:///D:/NodeJS%20Course/learn/E-commerce-Api/src/modules/auth/controllers/auth.controller.js:104:26[39m
[31m    at process.processTicksAndRejections (node:internal/process/task_queues:103:5)[39m
2025-11-06 03:50:18 , [31merror[39m , [31m[8e265e39-f47c-439b-aece-4f754d6f1d7e] POST /api/users/verifyResetCode →ERROR (500) [77] [39m
2025-11-06 03:50:19 , [35mhttp[39m , [35m[0abcf9ea-d94a-464b-b734-5860f9f9f19d] POST /api/users/verifyResetCode from ::1[39m
2025-11-06 03:50:20 , [31merror[39m , [31m0abcf9ea-d94a-464b-b734-5860f9f9f19d Reset code is invalid or expired , POST , /api/users/verifyResetCode[39m
[31mError: Reset code is invalid or expired[39m
[31m    at file:///D:/NodeJS%20Course/learn/E-commerce-Api/src/modules/auth/controllers/auth.controller.js:104:26[39m
[31m    at process.processTicksAndRejections (node:internal/process/task_queues:103:5)[39m
2025-11-06 03:50:20 , [31merror[39m , [31m[0abcf9ea-d94a-464b-b734-5860f9f9f19d] POST /api/users/verifyResetCode →ERROR (500) [70] [39m
2025-11-06 03:50:22 , [35mhttp[39m , [35m[2a6fe4c8-b0f5-4a11-b10c-b5824f8a2133] POST /api/users/forgotPassword from ::1[39m
2025-11-06 03:50:23 , [35mhttp[39m , [35m[2a6fe4c8-b0f5-4a11-b10c-b5824f8a2133] POST /api/users/forgotPassword →SUCCESS (200) [1811] [39m
2025-11-06 03:50:36 , [35mhttp[39m , [35m[664ebdc1-2eef-4e96-aead-39bf929bca05] POST /api/users/verifyResetCode from ::1[39m
2025-11-06 03:50:36 , [31merror[39m , [31m664ebdc1-2eef-4e96-aead-39bf929bca05 Reset code is invalid or expired , POST , /api/users/verifyResetCode[39m
[31mError: Reset code is invalid or expired[39m
[31m    at file:///D:/NodeJS%20Course/learn/E-commerce-Api/src/modules/auth/controllers/auth.controller.js:104:26[39m
[31m    at process.processTicksAndRejections (node:internal/process/task_queues:103:5)[39m
2025-11-06 03:50:36 , [31merror[39m , [31m[664ebdc1-2eef-4e96-aead-39bf929bca05] POST /api/users/verifyResetCode →ERROR (500) [305] [39m
2025-11-06 03:50:37 , [35mhttp[39m , [35m[647b4fd1-60ab-44be-9e1a-01510396ae8a] POST /api/users/verifyResetCode from ::1[39m
2025-11-06 03:50:37 , [31merror[39m , [31m647b4fd1-60ab-44be-9e1a-01510396ae8a Reset code is invalid or expired , POST , /api/users/verifyResetCode[39m
[31mError: Reset code is invalid or expired[39m
[31m    at file:///D:/NodeJS%20Course/learn/E-commerce-Api/src/modules/auth/controllers/auth.controller.js:104:26[39m
[31m    at process.processTicksAndRejections (node:internal/process/task_queues:103:5)[39m
2025-11-06 03:50:37 , [31merror[39m , [31m[647b4fd1-60ab-44be-9e1a-01510396ae8a] POST /api/users/verifyResetCode →ERROR (500) [294] [39m
2025-11-06 03:50:54 , [32minfo[39m , [32mServer is running on port 5000[39m
2025-11-06 03:50:55 , [32minfo[39m , [32mMongoDB Connected: ac-k8rtfkd-shard-00-00.e20l7ns.mongodb.net[39m
2025-11-06 03:51:05 , [35mhttp[39m , [35m[ebdcba90-32ff-435b-a5b2-f6fe875cda1c] POST /api/users/verifyResetCode from ::1[39m
2025-11-06 03:51:05 , [31merror[39m , [31mebdcba90-32ff-435b-a5b2-f6fe875cda1c Reset code is invalid or expired , POST , /api/users/verifyResetCode[39m
[31mError: Reset code is invalid or expired[39m
[31m    at file:///D:/NodeJS%20Course/learn/E-commerce-Api/src/modules/auth/controllers/auth.controller.js:104:26[39m
[31m    at process.processTicksAndRejections (node:internal/process/task_queues:103:5)[39m
2025-11-06 03:51:05 , [31merror[39m , [31m[ebdcba90-32ff-435b-a5b2-f6fe875cda1c] POST /api/users/verifyResetCode →ERROR (500) [90] [39m
2025-11-06 03:51:06 , [35mhttp[39m , [35m[c8e137e7-5442-46f4-aafe-6f5604aca254] POST /api/users/verifyResetCode from ::1[39m
2025-11-06 03:51:06 , [31merror[39m , [31mc8e137e7-5442-46f4-aafe-6f5604aca254 Reset code is invalid or expired , POST , /api/users/verifyResetCode[39m
[31mError: Reset code is invalid or expired[39m
[31m    at file:///D:/NodeJS%20Course/learn/E-commerce-Api/src/modules/auth/controllers/auth.controller.js:104:26[39m
[31m    at process.processTicksAndRejections (node:internal/process/task_queues:103:5)[39m
2025-11-06 03:51:06 , [31merror[39m , [31m[c8e137e7-5442-46f4-aafe-6f5604aca254] POST /api/users/verifyResetCode →ERROR (500) [67] [39m
2025-11-06 03:51:09 , [35mhttp[39m , [35m[b9e96eae-3cae-4ed7-a0ba-ec112df7f536] POST /api/users/forgotPassword from ::1[39m
2025-11-06 03:51:10 , [35mhttp[39m , [35m[b9e96eae-3cae-4ed7-a0ba-ec112df7f536] POST /api/users/forgotPassword →SUCCESS (200) [1672] [39m
2025-11-06 03:51:27 , [35mhttp[39m , [35m[ec2065fb-ed1c-460c-a204-4ddbab5d9bf4] POST /api/users/verifyResetCode from ::1[39m
2025-11-06 03:51:27 , [35mhttp[39m , [35m[ec2065fb-ed1c-460c-a204-4ddbab5d9bf4] POST /api/users/verifyResetCode →SUCCESS (200) [216] [39m
2025-11-06 03:51:40 , [35mhttp[39m , [35m[8dfbc387-726b-4477-8854-695d6e24ac2d] PUT /api/users/resetPassword from ::1[39m
2025-11-06 03:51:41 , [35mhttp[39m , [35m[8dfbc387-726b-4477-8854-695d6e24ac2d] PUT /api/users/resetPassword →SUCCESS (200) [682] [39m
2025-11-06 03:54:08 , [35mhttp[39m , [35m[f46b22e9-e6ac-4ac6-b6aa-74fa35221f3f] POST /api/users/login from ::1[39m
2025-11-06 03:54:08 , [35mhttp[39m , [35m[f46b22e9-e6ac-4ac6-b6aa-74fa35221f3f] POST /api/users/login →SUCCESS (200) [139] [39m
2025-11-06 03:54:13 , [35mhttp[39m , [35m[dcd0710a-f2c1-4f1e-8277-daebfd0698c0] POST /api/users/login from ::1[39m
2025-11-06 03:54:13 , [31merror[39m , [31mdcd0710a-f2c1-4f1e-8277-daebfd0698c0 Invalid email or password , POST , /api/users/login[39m
[31mError: Invalid email or password[39m
[31m    at file:///D:/NodeJS%20Course/learn/E-commerce-Api/src/modules/auth/controllers/auth.controller.js:47:7[39m
2025-11-06 03:54:13 , [31merror[39m , [31m[dcd0710a-f2c1-4f1e-8277-daebfd0698c0] POST /api/users/login →ERROR (400) [134] [39m
2025-11-06 04:7:57 , [32minfo[39m , [32mServer is running on port 5000[39m
2025-11-06 04:7:57 , [32minfo[39m , [32mMongoDB Connected: ac-k8rtfkd-shard-00-01.e20l7ns.mongodb.net[39m
2025-11-06 04:10:57 , [32minfo[39m , [32mServer is running on port 5000[39m
2025-11-06 04:10:58 , [32minfo[39m , [32mMongoDB Connected: ac-k8rtfkd-shard-00-02.e20l7ns.mongodb.net[39m
2025-11-06 04:14:30 , [32minfo[39m , [32mServer is running on port 5000[39m
2025-11-06 04:14:31 , [32minfo[39m , [32mMongoDB Connected: ac-k8rtfkd-shard-00-00.e20l7ns.mongodb.net[39m
2025-11-06 04:16:30 , [32minfo[39m , [32mServer is running on port 5000[39m
2025-11-06 04:16:31 , [32minfo[39m , [32mMongoDB Connected: ac-k8rtfkd-shard-00-01.e20l7ns.mongodb.net[39m
2025-11-06 04:16:59 , [32minfo[39m , [32mServer is running on port 5000[39m
2025-11-06 04:16:59 , [32minfo[39m , [32mMongoDB Connected: ac-k8rtfkd-shard-00-02.e20l7ns.mongodb.net[39m
2025-11-06 04:21:35 , [32minfo[39m , [32mServer is running on port 5000[39m
2025-11-06 04:21:36 , [32minfo[39m , [32mMongoDB Connected: ac-k8rtfkd-shard-00-00.e20l7ns.mongodb.net[39m
2025-11-06 04:21:43 , [35mhttp[39m , [35m[2ed89076-73a2-4270-a815-e1026641244f] POST /api/users/login from ::1[39m
2025-11-06 04:21:43 , [31merror[39m , [31m2ed89076-73a2-4270-a815-e1026641244f Invalid email or password , POST , /api/users/login[39m
[31mError: Invalid email or password[39m
[31m    at file:///D:/NodeJS%20Course/learn/E-commerce-Api/src/modules/auth/controllers/auth.controller.js:47:7[39m
2025-11-06 04:21:43 , [31merror[39m , [31m[2ed89076-73a2-4270-a815-e1026641244f] POST /api/users/login →ERROR (400) [149] [39m
2025-11-06 04:21:50 , [35mhttp[39m , [35m[f4a0c2aa-4461-4f00-a085-2da1e94092fe] POST /api/users/login from ::1[39m
2025-11-06 04:21:50 , [35mhttp[39m , [35m[f4a0c2aa-4461-4f00-a085-2da1e94092fe] POST /api/users/login →SUCCESS (200) [139] [39m
2025-11-06 04:22:12 , [35mhttp[39m , [35m[cb51979a-12fe-4ed1-80f4-6840ee8081ec] PATCH /api/users/updateProfile from ::1[39m
2025-11-06 04:22:12 , [31merror[39m , [31mcb51979a-12fe-4ed1-80f4-6840ee8081ec User not found , PATCH , /api/users/updateProfile[39m
[31mError: User not found[39m
[31m    at file:///D:/NodeJS%20Course/learn/E-commerce-Api/src/modules/auth/controllers/auth.controller.js:65:17[39m
[31m    at process.processTicksAndRejections (node:internal/process/task_queues:103:5)[39m
2025-11-06 04:22:12 , [31merror[39m , [31m[cb51979a-12fe-4ed1-80f4-6840ee8081ec] PATCH /api/users/updateProfile →ERROR (404) [72] [39m
2025-11-06 04:25:27 , [35mhttp[39m , [35m[91d613f8-50ee-4657-aae7-4f13b9ca4113] PATCH /api/users/updateProfile from ::1[39m
2025-11-06 04:25:27 , [31merror[39m , [31m91d613f8-50ee-4657-aae7-4f13b9ca4113 User not found , PATCH , /api/users/updateProfile[39m
[31mError: User not found[39m
[31m    at file:///D:/NodeJS%20Course/learn/E-commerce-Api/src/modules/auth/controllers/auth.controller.js:65:17[39m
[31m    at process.processTicksAndRejections (node:internal/process/task_queues:103:5)[39m
2025-11-06 04:25:27 , [31merror[39m , [31m[91d613f8-50ee-4657-aae7-4f13b9ca4113] PATCH /api/users/updateProfile →ERROR (404) [68] [39m
2025-11-06 04:26:20 , [32minfo[39m , [32mServer is running on port 5000[39m
2025-11-06 04:26:23 , [32minfo[39m , [32mMongoDB Connected: ac-k8rtfkd-shard-00-01.e20l7ns.mongodb.net[39m
2025-11-06 04:26:25 , [35mhttp[39m , [35m[d4200c25-9595-4292-ad94-a33acabc0ef2] PATCH /api/users/updateProfile from ::1[39m
2025-11-06 04:26:25 , [31merror[39m , [31md4200c25-9595-4292-ad94-a33acabc0ef2 User not found , PATCH , /api/users/updateProfile[39m
[31mError: User not found[39m
[31m    at file:///D:/NodeJS%20Course/learn/E-commerce-Api/src/modules/auth/controllers/auth.controller.js:65:17[39m
[31m    at process.processTicksAndRejections (node:internal/process/task_queues:103:5)[39m
2025-11-06 04:26:25 , [31merror[39m , [31m[d4200c25-9595-4292-ad94-a33acabc0ef2] PATCH /api/users/updateProfile →ERROR (404) [80] [39m
2025-11-06 04:27:15 , [32minfo[39m , [32mServer is running on port 5000[39m
2025-11-06 04:27:16 , [32minfo[39m , [32mMongoDB Connected: ac-k8rtfkd-shard-00-02.e20l7ns.mongodb.net[39m
2025-11-06 04:27:18 , [35mhttp[39m , [35m[3a68818e-994f-4efc-acbb-55962ab1b0d5] PATCH /api/users/updateProfile from ::1[39m
2025-11-06 04:27:18 , [35mhttp[39m , [35m[3a68818e-994f-4efc-acbb-55962ab1b0d5] PATCH /api/users/updateProfile →SUCCESS (200) [162] [39m
2025-11-06 04:27:45 , [32minfo[39m , [32mServer is running on port 5000[39m
2025-11-06 04:27:46 , [32minfo[39m , [32mMongoDB Connected: ac-k8rtfkd-shard-00-00.e20l7ns.mongodb.net[39m
2025-11-06 04:29:49 , [35mhttp[39m , [35m[56a20194-a2df-4abf-b522-ceab57c186f7] PATCH /api/users/updateProfile from ::1[39m
2025-11-06 04:29:49 , [35mhttp[39m , [35m[56a20194-a2df-4abf-b522-ceab57c186f7] PATCH /api/users/updateProfile →SUCCESS (200) [168] [39m
2025-11-06 04:34:13 , [32minfo[39m , [32mServer is running on port 5000[39m
2025-11-06 04:34:14 , [32minfo[39m , [32mMongoDB Connected: ac-k8rtfkd-shard-00-01.e20l7ns.mongodb.net[39m
2025-11-06 04:40:08 , [32minfo[39m , [32mServer is running on port 5000[39m
2025-11-06 04:40:09 , [32minfo[39m , [32mMongoDB Connected: ac-k8rtfkd-shard-00-02.e20l7ns.mongodb.net[39m
2025-11-06 04:44:06 , [32minfo[39m , [32mServer is running on port 5000[39m
2025-11-06 04:44:07 , [32minfo[39m , [32mMongoDB Connected: ac-k8rtfkd-shard-00-00.e20l7ns.mongodb.net[39m
2025-11-06 04:45:17 , [32minfo[39m , [32mServer is running on port 5000[39m
2025-11-06 04:45:18 , [32minfo[39m , [32mMongoDB Connected: ac-k8rtfkd-shard-00-01.e20l7ns.mongodb.net[39m
2025-11-06 04:46:04 , [35mhttp[39m , [35m[bd7c9800-f14a-46bd-acb1-be0df42b71a0] POST /api/users/register from ::1[39m
2025-11-06 04:46:04 , [31merror[39m , [31mbd7c9800-f14a-46bd-acb1-be0df42b71a0 User validation failed: password: Path `password` (`123`, length 3) is shorter than the minimum allowed length (8). , POST , /api/users/register[39m
[31mValidationError: User validation failed: password: Path `password` (`123`, length 3) is shorter than the minimum allowed length (8).[39m
[31m    at Document.invalidate (D:\NodeJS Course\learn\E-commerce-Api\node_modules\mongoose\lib\document.js:3362:32)[39m
[31m    at D:\NodeJS Course\learn\E-commerce-Api\node_modules\mongoose\lib\document.js:3123:17[39m
[31m    at D:\NodeJS Course\learn\E-commerce-Api\node_modules\mongoose\lib\schemaType.js:1420:9[39m
[31m    at process.processTicksAndRejections (node:internal/process/task_queues:84:11)[39m
2025-11-06 04:46:04 , [31merror[39m , [31m[bd7c9800-f14a-46bd-acb1-be0df42b71a0] POST /api/users/register →ERROR (500) [90] [39m
2025-11-06 04:46:11 , [35mhttp[39m , [35m[65ee6664-1446-4156-a2d1-2fd5b1306e2d] POST /api/users/register from ::1[39m
2025-11-06 04:46:11 , [31merror[39m , [31m65ee6664-1446-4156-a2d1-2fd5b1306e2d User validation failed: password: Path `password` (`1234`, length 4) is shorter than the minimum allowed length (8). , POST , /api/users/register[39m
[31mValidationError: User validation failed: password: Path `password` (`1234`, length 4) is shorter than the minimum allowed length (8).[39m
[31m    at Document.invalidate (D:\NodeJS Course\learn\E-commerce-Api\node_modules\mongoose\lib\document.js:3362:32)[39m
[31m    at D:\NodeJS Course\learn\E-commerce-Api\node_modules\mongoose\lib\document.js:3123:17[39m
[31m    at D:\NodeJS Course\learn\E-commerce-Api\node_modules\mongoose\lib\schemaType.js:1420:9[39m
[31m    at process.processTicksAndRejections (node:internal/process/task_queues:84:11)[39m
2025-11-06 04:46:11 , [31merror[39m , [31m[65ee6664-1446-4156-a2d1-2fd5b1306e2d] POST /api/users/register →ERROR (500) [71] [39m
2025-11-06 04:46:19 , [35mhttp[39m , [35m[4981a3db-878b-4ee8-9685-4907400cd814] POST /api/users/register from ::1[39m
2025-11-06 04:46:19 , [35mhttp[39m , [35m[4981a3db-878b-4ee8-9685-4907400cd814] POST /api/users/register →SUCCESS (201) [246] [39m
2025-11-06 04:46:38 , [35mhttp[39m , [35m[56a3239d-5004-47ee-bb3f-0740e5fc2ddb] POST /api/users/login from ::1[39m
2025-11-06 04:46:38 , [35mhttp[39m , [35m[56a3239d-5004-47ee-bb3f-0740e5fc2ddb] POST /api/users/login →SUCCESS (200) [137] [39m
2025-11-06 04:46:57 , [35mhttp[39m , [35m[acfa5c6e-97d5-4342-8691-a0e72857a904] PATCH /api/users/updateProfile from ::1[39m
2025-11-06 04:46:57 , [35mhttp[39m , [35m[acfa5c6e-97d5-4342-8691-a0e72857a904] PATCH /api/users/updateProfile →SUCCESS (200) [143] [39m
2025-11-06 04:47:25 , [35mhttp[39m , [35m[054d3366-176e-42a4-81ea-a0bff923951a] DELETE /api/users/deleteAccount from ::1[39m
2025-11-06 04:47:25 , [31merror[39m , [31m[054d3366-176e-42a4-81ea-a0bff923951a] DELETE /api/users/deleteAccount →ERROR (404) [3] [39m
2025-11-06 04:47:47 , [35mhttp[39m , [35m[d883c812-603c-4ef9-9c3e-631400b55997] DELETE /api/users/deleteAccount from ::1[39m
2025-11-06 04:47:47 , [31merror[39m , [31m[d883c812-603c-4ef9-9c3e-631400b55997] DELETE /api/users/deleteAccount →ERROR (404) [1] [39m
2025-11-06 04:48:17 , [32minfo[39m , [32mServer is running on port 5000[39m
2025-11-06 04:48:18 , [32minfo[39m , [32mMongoDB Connected: ac-k8rtfkd-shard-00-02.e20l7ns.mongodb.net[39m
2025-11-06 04:48:20 , [35mhttp[39m , [35m[bed32ff0-65f4-4155-a88a-64c41b7a8fa8] DELETE /api/users/deleteAccount from ::1[39m
2025-11-06 04:48:20 , [31merror[39m , [31m[bed32ff0-65f4-4155-a88a-64c41b7a8fa8] DELETE /api/users/deleteAccount →ERROR (404) [5] [39m
2025-11-06 04:48:28 , [32minfo[39m , [32mServer is running on port 5000[39m
2025-11-06 04:48:28 , [32minfo[39m , [32mMongoDB Connected: ac-k8rtfkd-shard-00-00.e20l7ns.mongodb.net[39m
2025-11-06 04:48:30 , [35mhttp[39m , [35m[fc168388-2f35-4208-9a18-8cc4d9c07d54] DELETE /api/users/deleteAccount from ::1[39m
2025-11-06 04:48:30 , [31merror[39m , [31m[fc168388-2f35-4208-9a18-8cc4d9c07d54] DELETE /api/users/deleteAccount →ERROR (404) [5] [39m
2025-11-06 04:48:32 , [35mhttp[39m , [35m[6485c9d8-7770-4203-b0c6-c8533b93017d] DELETE /api/users/deleteAccount from ::1[39m
2025-11-06 04:48:32 , [31merror[39m , [31m[6485c9d8-7770-4203-b0c6-c8533b93017d] DELETE /api/users/deleteAccount →ERROR (404) [23] [39m
2025-11-06 04:48:46 , [32minfo[39m , [32mServer is running on port 5000[39m
2025-11-06 04:48:47 , [32minfo[39m , [32mMongoDB Connected: ac-k8rtfkd-shard-00-01.e20l7ns.mongodb.net[39m
2025-11-06 04:48:49 , [35mhttp[39m , [35m[c335db5c-8585-4051-aca4-d5b7e79f9870] DELETE /api/users/deleteAccount from ::1[39m
2025-11-06 04:48:49 , [31merror[39m , [31mc335db5c-8585-4051-aca4-d5b7e79f9870 currentUser is not defined , DELETE , /api/users/deleteAccount[39m
[31mReferenceError: currentUser is not defined[39m
[31m    at file:///D:/NodeJS%20Course/learn/E-commerce-Api/src/modules/auth/controllers/auth.controller.js:88:15[39m
[31m    at process.processTicksAndRejections (node:internal/process/task_queues:103:5)[39m
2025-11-06 04:48:49 , [31merror[39m , [31m[c335db5c-8585-4051-aca4-d5b7e79f9870] DELETE /api/users/deleteAccount →ERROR (500) [84] [39m
2025-11-06 04:49:22 , [32minfo[39m , [32mServer is running on port 5000[39m
2025-11-06 04:49:23 , [32minfo[39m , [32mMongoDB Connected: ac-k8rtfkd-shard-00-02.e20l7ns.mongodb.net[39m
2025-11-06 04:49:28 , [35mhttp[39m , [35m[2d48fccf-0034-49c3-b012-dfdde5884218] DELETE /api/users/deleteAccount from ::1[39m
2025-11-06 04:49:28 , [31merror[39m , [31m2d48fccf-0034-49c3-b012-dfdde5884218 currentUser is not defined , DELETE , /api/users/deleteAccount[39m
[31mReferenceError: currentUser is not defined[39m
[31m    at file:///D:/NodeJS%20Course/learn/E-commerce-Api/src/modules/auth/controllers/auth.controller.js:88:15[39m
[31m    at process.processTicksAndRejections (node:internal/process/task_queues:103:5)[39m
2025-11-06 04:49:28 , [31merror[39m , [31m[2d48fccf-0034-49c3-b012-dfdde5884218] DELETE /api/users/deleteAccount →ERROR (500) [83] [39m
2025-11-06 04:49:29 , [35mhttp[39m , [35m[e5e7d34c-c147-4ed3-93d2-7d45818631eb] DELETE /api/users/deleteAccount from ::1[39m
2025-11-06 04:49:29 , [31merror[39m , [31me5e7d34c-c147-4ed3-93d2-7d45818631eb currentUser is not defined , DELETE , /api/users/deleteAccount[39m
[31mReferenceError: currentUser is not defined[39m
[31m    at file:///D:/NodeJS%20Course/learn/E-commerce-Api/src/modules/auth/controllers/auth.controller.js:88:15[39m
[31m    at process.processTicksAndRejections (node:internal/process/task_queues:103:5)[39m
2025-11-06 04:49:29 , [31merror[39m , [31m[e5e7d34c-c147-4ed3-93d2-7d45818631eb] DELETE /api/users/deleteAccount →ERROR (500) [68] [39m
2025-11-06 04:49:34 , [35mhttp[39m , [35m[d62c413f-b658-4f64-ba29-3668f53ea6a8] POST /api/users/login from ::1[39m
2025-11-06 04:49:35 , [35mhttp[39m , [35m[d62c413f-b658-4f64-ba29-3668f53ea6a8] POST /api/users/login →SUCCESS (200) [160] [39m
2025-11-06 04:49:42 , [35mhttp[39m , [35m[cee33967-19a8-48a0-b1bf-620cda4dcb5f] DELETE /api/users/deleteAccount from ::1[39m
2025-11-06 04:49:42 , [31merror[39m , [31mcee33967-19a8-48a0-b1bf-620cda4dcb5f currentUser is not defined , DELETE , /api/users/deleteAccount[39m
[31mReferenceError: currentUser is not defined[39m
[31m    at file:///D:/NodeJS%20Course/learn/E-commerce-Api/src/modules/auth/controllers/auth.controller.js:88:15[39m
[31m    at process.processTicksAndRejections (node:internal/process/task_queues:103:5)[39m
2025-11-06 04:49:42 , [31merror[39m , [31m[cee33967-19a8-48a0-b1bf-620cda4dcb5f] DELETE /api/users/deleteAccount →ERROR (500) [72] [39m
2025-11-06 04:49:43 , [35mhttp[39m , [35m[55ebcce3-8bb2-485d-b2d4-64b1a7a0980b] DELETE /api/users/deleteAccount from ::1[39m
2025-11-06 04:49:43 , [31merror[39m , [31m55ebcce3-8bb2-485d-b2d4-64b1a7a0980b currentUser is not defined , DELETE , /api/users/deleteAccount[39m
[31mReferenceError: currentUser is not defined[39m
[31m    at file:///D:/NodeJS%20Course/learn/E-commerce-Api/src/modules/auth/controllers/auth.controller.js:88:15[39m
[31m    at process.processTicksAndRejections (node:internal/process/task_queues:103:5)[39m
2025-11-06 04:49:43 , [31merror[39m , [31m[55ebcce3-8bb2-485d-b2d4-64b1a7a0980b] DELETE /api/users/deleteAccount →ERROR (500) [68] [39m
2025-11-06 04:50:41 , [32minfo[39m , [32mServer is running on port 5000[39m
2025-11-06 04:50:42 , [32minfo[39m , [32mMongoDB Connected: ac-k8rtfkd-shard-00-00.e20l7ns.mongodb.net[39m
2025-11-06 04:50:43 , [35mhttp[39m , [35m[609e5f91-98e4-4f5d-b587-8f113fc7d015] DELETE /api/users/deleteAccount from ::1[39m
2025-11-06 04:50:43 , [35mhttp[39m , [35m[609e5f91-98e4-4f5d-b587-8f113fc7d015] DELETE /api/users/deleteAccount →SUCCESS (200) [85] [39m
2025-11-06 04:51:24 , [32minfo[39m , [32mServer is running on port 5000[39m
2025-11-06 04:51:24 , [32minfo[39m , [32mMongoDB Connected: ac-k8rtfkd-shard-00-01.e20l7ns.mongodb.net[39m
2025-11-06 04:51:27 , [35mhttp[39m , [35m[c4adca22-ae63-442b-ab14-bd5c787b6133] DELETE /api/users/deleteAccount from ::1[39m
2025-11-06 04:51:27 , [35mhttp[39m , [35m[c4adca22-ae63-442b-ab14-bd5c787b6133] DELETE /api/users/deleteAccount →SUCCESS (200) [88] [39m
2025-11-06 04:55:34 , [32minfo[39m , [32mServer is running on port 5000[39m
2025-11-06 04:55:35 , [32minfo[39m , [32mMongoDB Connected: ac-k8rtfkd-shard-00-02.e20l7ns.mongodb.net[39m
